#
# There is insufficient memory for the Java Runtime Environment to continue.
# Native memory allocation (malloc) failed to allocate 246240 bytes. Error detail: Chunk::new
# Possible reasons:
#   The system is out of physical RAM or swap space
#   This process is running with CompressedOops enabled, and the Java Heap may be blocking the growth of the native heap
# Possible solutions:
#   Reduce memory load on the system
#   Increase physical memory or swap space
#   Check if swap backing store is full
#   Decrease Java heap size (-Xmx/-Xms)
#   Decrease number of Java threads
#   Decrease Java thread stack sizes (-Xss)
#   Set larger code cache with -XX:ReservedCodeCacheSize=
#   JVM is running with Unscaled Compressed Oops mode in which the Java heap is
#     placed in the first 4GB address space. The Java Heap base address is the
#     maximum limit for the native heap growth. Please use -XX:HeapBaseMinAddress
#     to set the Java Heap base and to place the Java Heap above 4GB virtual address.
# This output file may be truncated or incomplete.
#
#  Out of Memory Error (arena.cpp:149), pid=8944, tid=984
#
# JRE version: OpenJDK Runtime Environment (23.0+37) (build 23+37-2369)
# Java VM: OpenJDK 64-Bit Server VM (23+37-2369, mixed mode, sharing, tiered, compressed oops, compressed class ptrs, g1 gc, windows-amd64)
# No core dump will be written. Minidumps are not enabled by default on client versions of Windows
#

---------------  S U M M A R Y ------------

Command Line: -javaagent:C:\Program Files\JetBrains\IntelliJ IDEA Community Edition 2024.2.1\lib\idea_rt.jar=60847:C:\Program Files\JetBrains\IntelliJ IDEA Community Edition 2024.2.1\bin -Dfile.encoding=UTF-8 -Dsun.stdout.encoding=UTF-8 -Dsun.stderr.encoding=UTF-8 BookapiApplication.example.Bookapplication.BookapplicationApplication

Host: Intel(R) Core(TM) i5-4300U CPU @ 1.90GHz, 4 cores, 7G,  Windows 10 , 64 bit Build 19041 (10.0.19041.4717)
Time: Wed Sep 25 10:03:28 2024 Pakistan Standard Time elapsed time: 15.369189 seconds (0d 0h 0m 15s)

---------------  T H R E A D  ---------------

Current thread (0x000002b0febd9eb0):  JavaThread "C2 CompilerThread0" daemon [_thread_in_native, id=984, stack(0x000000df0bc00000,0x000000df0bd00000) (1024K)]


Current CompileTask:
C2:15369 5904       4       java.lang.ref.Cleaner::register (25 bytes)

Stack: [0x000000df0bc00000,0x000000df0bd00000]
Native frames: (J=compiled Java code, j=interpreted, Vv=VM code, C=native code)
V  [jvm.dll+0x6e08a9]  (no source info available)
V  [jvm.dll+0x87da63]  (no source info available)
V  [jvm.dll+0x87feee]  (no source info available)
V  [jvm.dll+0x8805c3]  (no source info available)
V  [jvm.dll+0x27aee6]  (no source info available)
V  [jvm.dll+0xbc06f]  (no source info available)
V  [jvm.dll+0xbc2cb]  (no source info available)
V  [jvm.dll+0x3b3a9c]  (no source info available)
V  [jvm.dll+0x38a42b]  (no source info available)
V  [jvm.dll+0x38989a]  (no source info available)
V  [jvm.dll+0x244aa1]  (no source info available)
V  [jvm.dll+0x243dff]  (no source info available)
V  [jvm.dll+0x1c33a0]  (no source info available)
V  [jvm.dll+0x253cf1]  (no source info available)
V  [jvm.dll+0x251faa]  (no source info available)
V  [jvm.dll+0x3ee036]  (no source info available)
V  [jvm.dll+0x824f1b]  (no source info available)
V  [jvm.dll+0x6df055]  (no source info available)
C  [ucrtbase.dll+0x21bb2]  (no source info available)
C  [KERNEL32.DLL+0x17374]  (no source info available)
C  [ntdll.dll+0x4cc91]  (no source info available)

Lock stack of current Java thread (top to bottom):


---------------  P R O C E S S  ---------------

Threads class SMR info:
_java_thread_list=0x000002b0dba75cd0, length=29, elements={
0x000002b0febc8ac0, 0x000002b0febca7f0, 0x000002b0febcd650, 0x000002b0febce8c0,
0x000002b0febcfac0, 0x000002b0febd61d0, 0x000002b0febd9eb0, 0x000002b0febdb170,
0x000002b0d60b7020, 0x000002b0d60b6300, 0x000002b0d60b4f50, 0x000002b0d831d140,
0x000002b0d831bd90, 0x000002b0d831b070, 0x000002b0d831eb80, 0x000002b0d8319cc0,
0x000002b0d831a350, 0x000002b0d831cab0, 0x000002b0d831f8a0, 0x000002b0d831ff30,
0x000002b0d8318fa0, 0x000002b0d8319630, 0x000002b0d83205c0, 0x000002b0d831a9e0,
0x000002b0d60b55e0, 0x000002b0d9f906a0, 0x000002b0d9f8b7e0, 0x000002b0d9f89da0,
0x000002b0d9f8e5d0
}

Java Threads: ( => current thread )
  0x000002b0febc8ac0 JavaThread "Reference Handler"          daemon [_thread_blocked, id=7352, stack(0x000000df0b600000,0x000000df0b700000) (1024K)]
  0x000002b0febca7f0 JavaThread "Finalizer"                  daemon [_thread_blocked, id=7844, stack(0x000000df0b700000,0x000000df0b800000) (1024K)]
  0x000002b0febcd650 JavaThread "Signal Dispatcher"          daemon [_thread_blocked, id=3304, stack(0x000000df0b800000,0x000000df0b900000) (1024K)]
  0x000002b0febce8c0 JavaThread "Attach Listener"            daemon [_thread_blocked, id=8300, stack(0x000000df0b900000,0x000000df0ba00000) (1024K)]
  0x000002b0febcfac0 JavaThread "Service Thread"             daemon [_thread_blocked, id=9200, stack(0x000000df0ba00000,0x000000df0bb00000) (1024K)]
  0x000002b0febd61d0 JavaThread "Monitor Deflation Thread"   daemon [_thread_blocked, id=12272, stack(0x000000df0bb00000,0x000000df0bc00000) (1024K)]
=>0x000002b0febd9eb0 JavaThread "C2 CompilerThread0"         daemon [_thread_in_native, id=984, stack(0x000000df0bc00000,0x000000df0bd00000) (1024K)]
  0x000002b0febdb170 JavaThread "C1 CompilerThread0"         daemon [_thread_blocked, id=3464, stack(0x000000df0bd00000,0x000000df0be00000) (1024K)]
  0x000002b0d60b7020 JavaThread "Common-Cleaner"             daemon [_thread_blocked, id=4336, stack(0x000000df0be00000,0x000000df0bf00000) (1024K)]
  0x000002b0d60b6300 JavaThread "Monitor Ctrl-Break"         daemon [_thread_in_native, id=5100, stack(0x000000df0c000000,0x000000df0c100000) (1024K)]
  0x000002b0d60b4f50 JavaThread "Notification Thread"        daemon [_thread_blocked, id=8864, stack(0x000000df0c100000,0x000000df0c200000) (1024K)]
  0x000002b0d831d140 JavaThread "Catalina-utility-1"                [_thread_blocked, id=14272, stack(0x000000df0c500000,0x000000df0c600000) (1024K)]
  0x000002b0d831bd90 JavaThread "Catalina-utility-2"                [_thread_blocked, id=9420, stack(0x000000df0c600000,0x000000df0c700000) (1024K)]
  0x000002b0d831b070 JavaThread "container-0"                       [_thread_blocked, id=3136, stack(0x000000df0c700000,0x000000df0c800000) (1024K)]
  0x000002b0d831eb80 JavaThread "mysql-cj-abandoned-connection-cleanup" daemon [_thread_blocked, id=9612, stack(0x000000df0c800000,0x000000df0c900000) (1024K)]
  0x000002b0d8319cc0 JavaThread "HikariPool-1 housekeeper"   daemon [_thread_blocked, id=9564, stack(0x000000df0ca00000,0x000000df0cb00000) (1024K)]
  0x000002b0d831a350 JavaThread "http-nio-8080-exec-1"       daemon [_thread_blocked, id=4504, stack(0x000000df0cc00000,0x000000df0cd00000) (1024K)]
  0x000002b0d831cab0 JavaThread "http-nio-8080-exec-2"       daemon [_thread_blocked, id=4200, stack(0x000000df0cd00000,0x000000df0ce00000) (1024K)]
  0x000002b0d831f8a0 JavaThread "http-nio-8080-exec-3"       daemon [_thread_blocked, id=1600, stack(0x000000df0ce00000,0x000000df0cf00000) (1024K)]
  0x000002b0d831ff30 JavaThread "http-nio-8080-exec-4"       daemon [_thread_blocked, id=8208, stack(0x000000df0cf00000,0x000000df0d000000) (1024K)]
  0x000002b0d8318fa0 JavaThread "http-nio-8080-exec-5"       daemon [_thread_blocked, id=14260, stack(0x000000df0d000000,0x000000df0d100000) (1024K)]
  0x000002b0d8319630 JavaThread "http-nio-8080-exec-6"       daemon [_thread_blocked, id=14040, stack(0x000000df0d100000,0x000000df0d200000) (1024K)]
  0x000002b0d83205c0 JavaThread "http-nio-8080-exec-7"       daemon [_thread_blocked, id=11552, stack(0x000000df0d200000,0x000000df0d300000) (1024K)]
  0x000002b0d831a9e0 JavaThread "http-nio-8080-exec-8"       daemon [_thread_blocked, id=6260, stack(0x000000df0d300000,0x000000df0d400000) (1024K)]
  0x000002b0d60b55e0 JavaThread "http-nio-8080-exec-9"       daemon [_thread_blocked, id=3316, stack(0x000000df0d400000,0x000000df0d500000) (1024K)]
  0x000002b0d9f906a0 JavaThread "http-nio-8080-exec-10"      daemon [_thread_blocked, id=5004, stack(0x000000df0d500000,0x000000df0d600000) (1024K)]
  0x000002b0d9f8b7e0 JavaThread "http-nio-8080-Poller"       daemon [_thread_in_native, id=13784, stack(0x000000df0d600000,0x000000df0d700000) (1024K)]
  0x000002b0d9f89da0 JavaThread "http-nio-8080-Acceptor"     daemon [_thread_in_native, id=12628, stack(0x000000df0d700000,0x000000df0d800000) (1024K)]
  0x000002b0d9f8e5d0 JavaThread "DestroyJavaVM"                     [_thread_blocked, id=9980, stack(0x000000df0ae00000,0x000000df0af00000) (1024K)]
Total: 29

Other Threads:
  0x000002b0febae310 VMThread "VM Thread"                           [id=11304, stack(0x000000df0b500000,0x000000df0b600000) (1024K)]
  0x000002b0feb9d920 WatcherThread "VM Periodic Task Thread"        [id=848, stack(0x000000df0b400000,0x000000df0b500000) (1024K)]
  0x000002b0f387e020 WorkerThread "GC Thread#0"                     [id=10720, stack(0x000000df0af00000,0x000000df0b000000) (1024K)]
  0x000002b0d683bf90 WorkerThread "GC Thread#1"                     [id=10464, stack(0x000000df0c200000,0x000000df0c300000) (1024K)]
  0x000002b0d6979710 WorkerThread "GC Thread#2"                     [id=1432, stack(0x000000df0c300000,0x000000df0c400000) (1024K)]
  0x000002b0d6a9df60 WorkerThread "GC Thread#3"                     [id=10540, stack(0x000000df0c400000,0x000000df0c500000) (1024K)]
  0x000002b0f3892690 ConcurrentGCThread "G1 Main Marker"            [id=11964, stack(0x000000df0b000000,0x000000df0b100000) (1024K)]
  0x000002b0f3893940 WorkerThread "G1 Conc#0"                       [id=9464, stack(0x000000df0b100000,0x000000df0b200000) (1024K)]
  0x000002b0fea70140 ConcurrentGCThread "G1 Refine#0"               [id=11976, stack(0x000000df0b200000,0x000000df0b300000) (1024K)]
  0x000002b0f38ee120 ConcurrentGCThread "G1 Service"                [id=10956, stack(0x000000df0b300000,0x000000df0b400000) (1024K)]
Total: 10

Threads with active compile tasks:
C2 CompilerThread0  16189 5904       4       java.lang.ref.Cleaner::register (25 bytes)
Total: 1

VM state: not at safepoint (normal execution)

VM Mutex/Monitor currently owned by a thread: None

Heap address: 0x0000000084a00000, size: 1974 MB, Compressed Oops mode: 32-bit

CDS archive(s) mapped at: [0x000002b091000000-0x000002b091d70000-0x000002b091d70000), size 14090240, SharedBaseAddress: 0x000002b091000000, ArchiveRelocationMode: 1.
Compressed class space mapped at: 0x000002b092000000-0x000002b0d2000000, reserved size: 1073741824
Narrow klass base: 0x000002b091000000, Narrow klass shift: 0, Narrow klass range: 0x41000000

GC Precious Log:
 CardTable entry size: 512
 Card Set container configuration: InlinePtr #cards 5 size 8 Array Of Cards #cards 10 size 36 Howl #buckets 4 coarsen threshold 1843 Howl Bitmap #cards 512 size 80 coarsen threshold 460 Card regions per heap region 1 cards per card region 2048
 CPUs: 4 total, 4 available
 Memory: 7894M
 Large Page Support: Disabled
 NUMA Support: Disabled
 Compressed Oops: Enabled (32-bit)
 Heap Region Size: 1M
 Heap Min Capacity: 8M
 Heap Initial Capacity: 124M
 Heap Max Capacity: 1974M
 Pre-touch: Disabled
 Parallel Workers: 4
 Concurrent Workers: 1
 Concurrent Refinement Workers: 4
 Periodic GC: Disabled

Heap:
 garbage-first heap   total reserved 2021376K, committed 54272K, used 31615K [0x0000000084a00000, 0x0000000100000000)
  region size 1024K, 10 young (10240K), 4 survivors (4096K)
 Metaspace       used 62906K, committed 63552K, reserved 1114112K
  class space    used 8604K, committed 8896K, reserved 1048576K

Heap Regions: E=young(eden), S=young(survivor), O=old, HS=humongous(starts), HC=humongous(continues), CS=collection set, F=free, TAMS=top-at-mark-start, PB=parsable bottom
|   0|0x0000000084a00000, 0x0000000084b00000, 0x0000000084b00000|100%|HS|  |TAMS 0x0000000084a00000| PB 0x0000000084a00000| Complete |  0
|   1|0x0000000084b00000, 0x0000000084c00000, 0x0000000084c00000|100%| O|  |TAMS 0x0000000084b00000| PB 0x0000000084b00000| Untracked |  0
|   2|0x0000000084c00000, 0x0000000084d00000, 0x0000000084d00000|100%| O|  |TAMS 0x0000000084c00000| PB 0x0000000084c00000| Untracked |  0
|   3|0x0000000084d00000, 0x0000000084e00000, 0x0000000084e00000|100%| O|  |TAMS 0x0000000084d00000| PB 0x0000000084d00000| Untracked |  0
|   4|0x0000000084e00000, 0x0000000084f00000, 0x0000000084f00000|100%| O|  |TAMS 0x0000000084e00000| PB 0x0000000084e00000| Untracked |  0
|   5|0x0000000084f00000, 0x0000000085000000, 0x0000000085000000|100%| O|  |TAMS 0x0000000084f00000| PB 0x0000000084f00000| Untracked |  0
|   6|0x0000000085000000, 0x0000000085100000, 0x0000000085100000|100%| O|  |TAMS 0x0000000085000000| PB 0x0000000085000000| Untracked |  0
|   7|0x0000000085100000, 0x0000000085200000, 0x0000000085200000|100%| O|  |TAMS 0x0000000085100000| PB 0x0000000085100000| Untracked |  0
|   8|0x0000000085200000, 0x0000000085300000, 0x0000000085300000|100%| O|  |TAMS 0x0000000085200000| PB 0x0000000085200000| Untracked |  0
|   9|0x0000000085300000, 0x0000000085400000, 0x0000000085400000|100%| O|  |TAMS 0x0000000085300000| PB 0x0000000085300000| Untracked |  0
|  10|0x0000000085400000, 0x0000000085500000, 0x0000000085500000|100%| O|  |TAMS 0x0000000085400000| PB 0x0000000085400000| Untracked |  0
|  11|0x0000000085500000, 0x0000000085600000, 0x0000000085600000|100%| O|  |TAMS 0x0000000085500000| PB 0x0000000085500000| Untracked |  0
|  12|0x0000000085600000, 0x0000000085600000, 0x0000000085700000|  0%| F|  |TAMS 0x0000000085600000| PB 0x0000000085600000| Untracked |  0
|  13|0x0000000085700000, 0x0000000085800000, 0x0000000085800000|100%| O|  |TAMS 0x0000000085700000| PB 0x0000000085700000| Untracked |  0
|  14|0x0000000085800000, 0x0000000085900000, 0x0000000085900000|100%| O|  |TAMS 0x0000000085800000| PB 0x0000000085800000| Untracked |  0
|  15|0x0000000085900000, 0x0000000085a00000, 0x0000000085a00000|100%| O|  |TAMS 0x0000000085900000| PB 0x0000000085900000| Untracked |  0
|  16|0x0000000085a00000, 0x0000000085b00000, 0x0000000085b00000|100%| O|  |TAMS 0x0000000085a00000| PB 0x0000000085a00000| Untracked |  0
|  17|0x0000000085b00000, 0x0000000085c00000, 0x0000000085c00000|100%| O|  |TAMS 0x0000000085b00000| PB 0x0000000085b00000| Untracked |  0
|  18|0x0000000085c00000, 0x0000000085d00000, 0x0000000085d00000|100%| O|  |TAMS 0x0000000085c00000| PB 0x0000000085c00000| Untracked |  0
|  19|0x0000000085d00000, 0x0000000085e00000, 0x0000000085e00000|100%| O|  |TAMS 0x0000000085d00000| PB 0x0000000085d00000| Untracked |  0
|  20|0x0000000085e00000, 0x0000000085f00000, 0x0000000085f00000|100%| O|  |TAMS 0x0000000085e00000| PB 0x0000000085e00000| Untracked |  0
|  21|0x0000000085f00000, 0x0000000086000000, 0x0000000086000000|100%| O|  |TAMS 0x0000000085f00000| PB 0x0000000085f00000| Untracked |  0
|  22|0x0000000086000000, 0x00000000860dfd10, 0x0000000086100000| 87%| O|  |TAMS 0x0000000086000000| PB 0x0000000086000000| Untracked |  0
|  23|0x0000000086100000, 0x0000000086100000, 0x0000000086200000|  0%| F|  |TAMS 0x0000000086100000| PB 0x0000000086100000| Untracked |  0
|  24|0x0000000086200000, 0x0000000086300000, 0x0000000086300000|100%| S|CS|TAMS 0x0000000086200000| PB 0x0000000086200000| Complete |  0
|  25|0x0000000086300000, 0x0000000086300000, 0x0000000086400000|  0%| F|  |TAMS 0x0000000086300000| PB 0x0000000086300000| Untracked |  0
|  26|0x0000000086400000, 0x0000000086400000, 0x0000000086500000|  0%| F|  |TAMS 0x0000000086400000| PB 0x0000000086400000| Untracked |  0
|  27|0x0000000086500000, 0x0000000086600000, 0x0000000086600000|100%| S|CS|TAMS 0x0000000086500000| PB 0x0000000086500000| Complete |  0
|  28|0x0000000086600000, 0x0000000086600000, 0x0000000086700000|  0%| F|  |TAMS 0x0000000086600000| PB 0x0000000086600000| Untracked |  0
|  29|0x0000000086700000, 0x0000000086700000, 0x0000000086800000|  0%| F|  |TAMS 0x0000000086700000| PB 0x0000000086700000| Untracked |  0
|  30|0x0000000086800000, 0x0000000086900000, 0x0000000086900000|100%| S|CS|TAMS 0x0000000086800000| PB 0x0000000086800000| Complete |  0
|  31|0x0000000086900000, 0x0000000086a00000, 0x0000000086a00000|100%| S|CS|TAMS 0x0000000086900000| PB 0x0000000086900000| Complete |  0
|  32|0x0000000086a00000, 0x0000000086a00000, 0x0000000086b00000|  0%| F|  |TAMS 0x0000000086a00000| PB 0x0000000086a00000| Untracked |  0
|  33|0x0000000086b00000, 0x0000000086b00000, 0x0000000086c00000|  0%| F|  |TAMS 0x0000000086b00000| PB 0x0000000086b00000| Untracked |  0
|  34|0x0000000086c00000, 0x0000000086c00000, 0x0000000086d00000|  0%| F|  |TAMS 0x0000000086c00000| PB 0x0000000086c00000| Untracked |  0
|  35|0x0000000086d00000, 0x0000000086d00000, 0x0000000086e00000|  0%| F|  |TAMS 0x0000000086d00000| PB 0x0000000086d00000| Untracked |  0
|  36|0x0000000086e00000, 0x0000000086e00000, 0x0000000086f00000|  0%| F|  |TAMS 0x0000000086e00000| PB 0x0000000086e00000| Untracked |  0
|  37|0x0000000086f00000, 0x0000000086f00000, 0x0000000087000000|  0%| F|  |TAMS 0x0000000086f00000| PB 0x0000000086f00000| Untracked |  0
|  38|0x0000000087000000, 0x0000000087000000, 0x0000000087100000|  0%| F|  |TAMS 0x0000000087000000| PB 0x0000000087000000| Untracked |  0
|  39|0x0000000087100000, 0x0000000087100000, 0x0000000087200000|  0%| F|  |TAMS 0x0000000087100000| PB 0x0000000087100000| Untracked |  0
|  40|0x0000000087200000, 0x0000000087200000, 0x0000000087300000|  0%| F|  |TAMS 0x0000000087200000| PB 0x0000000087200000| Untracked |  0
|  41|0x0000000087300000, 0x0000000087300000, 0x0000000087400000|  0%| F|  |TAMS 0x0000000087300000| PB 0x0000000087300000| Untracked |  0
|  42|0x0000000087400000, 0x0000000087400000, 0x0000000087500000|  0%| F|  |TAMS 0x0000000087400000| PB 0x0000000087400000| Untracked |  0
|  43|0x0000000087500000, 0x0000000087500000, 0x0000000087600000|  0%| F|  |TAMS 0x0000000087500000| PB 0x0000000087500000| Untracked |  0
|  44|0x0000000087600000, 0x0000000087600000, 0x0000000087700000|  0%| F|  |TAMS 0x0000000087600000| PB 0x0000000087600000| Untracked |  0
|  45|0x0000000087700000, 0x0000000087700000, 0x0000000087800000|  0%| F|  |TAMS 0x0000000087700000| PB 0x0000000087700000| Untracked |  0
|  46|0x0000000087800000, 0x0000000087800000, 0x0000000087900000|  0%| F|  |TAMS 0x0000000087800000| PB 0x0000000087800000| Untracked |  0
|  86|0x000000008a000000, 0x000000008a0f5e70, 0x000000008a100000| 96%| E|  |TAMS 0x000000008a000000| PB 0x000000008a000000| Complete |  0
|  87|0x000000008a100000, 0x000000008a200000, 0x000000008a200000|100%| E|CS|TAMS 0x000000008a100000| PB 0x000000008a100000| Complete |  0
|  92|0x000000008a600000, 0x000000008a700000, 0x000000008a700000|100%| E|CS|TAMS 0x000000008a600000| PB 0x000000008a600000| Complete |  0
|  93|0x000000008a700000, 0x000000008a800000, 0x000000008a800000|100%| E|CS|TAMS 0x000000008a700000| PB 0x000000008a700000| Complete |  0
|  94|0x000000008a800000, 0x000000008a900000, 0x000000008a900000|100%| E|CS|TAMS 0x000000008a800000| PB 0x000000008a800000| Complete |  0
| 123|0x000000008c500000, 0x000000008c600000, 0x000000008c600000|100%| E|CS|TAMS 0x000000008c500000| PB 0x000000008c500000| Complete |  0

Card table byte_map: [0x000002b0fc340000,0x000002b0fc720000] _byte_map_base: 0x000002b0fbf1b000

Marking Bits: (CMBitMap*) 0x000002b0f387e730
 Bits: [0x000002b0fc720000, 0x000002b0fe5f8000)

Polling page: 0x000002b0f1650000

Metaspace:

Usage:
  Non-class:     53.03 MB used.
      Class:      8.40 MB used.
       Both:     61.43 MB used.

Virtual space:
  Non-class space:       64.00 MB reserved,      53.38 MB ( 83%) committed,  1 nodes.
      Class space:        1.00 GB reserved,       8.69 MB ( <1%) committed,  1 nodes.
             Both:        1.06 GB reserved,      62.06 MB (  6%) committed. 

Chunk freelists:
   Non-Class:  9.97 MB
       Class:  7.14 MB
        Both:  17.11 MB

MaxMetaspaceSize: unlimited
CompressedClassSpaceSize: 1.00 GB
Initial GC threshold: 21.00 MB
Current GC threshold: 89.19 MB
CDS: on
 - commit_granule_bytes: 65536.
 - commit_granule_words: 8192.
 - virtual_space_node_default_size: 8388608.
 - enlarge_chunks_in_place: 1.
 - use_allocation_guard: 0.


Internal statistics:

num_allocs_failed_limit: 6.
num_arena_births: 820.
num_arena_deaths: 0.
num_vsnodes_births: 2.
num_vsnodes_deaths: 0.
num_space_committed: 993.
num_space_uncommitted: 0.
num_chunks_returned_to_freelist: 6.
num_chunks_taken_from_freelist: 2964.
num_chunk_merges: 6.
num_chunk_splits: 2109.
num_chunks_enlarged: 1613.
num_inconsistent_stats: 0.

CodeHeap 'non-profiled nmethods': size=120064Kb used=2428Kb max_used=2428Kb free=117635Kb
 bounds [0x000002b087ac0000, 0x000002b087d30000, 0x000002b08f000000]
CodeHeap 'profiled nmethods': size=120000Kb used=8173Kb max_used=8173Kb free=111826Kb
 bounds [0x000002b080000000, 0x000002b080800000, 0x000002b087530000]
CodeHeap 'non-nmethods': size=5696Kb used=1688Kb max_used=1745Kb free=4007Kb
 bounds [0x000002b087530000, 0x000002b0877a0000, 0x000002b087ac0000]
CodeCache: size=245760Kb, used=12289Kb, max_used=12346Kb, free=233468Kb
 total_blobs=6005, nmethods=5268, adapters=642, full_count=0
Compilation: enabled, stopped_count=0, restarted_count=0

Compilation events (20 events):
Event: 10.396 Thread 0x000002b0d61f7a60 5647       4       org.springframework.core.annotation.AnnotationsScanner::process (55 bytes)
Event: 10.460 Thread 0x000002b0d61f7a60 nmethod 5647 0x000002b087d17888 code [0x000002b087d17c20, 0x000002b087d19d58]
Event: 10.460 Thread 0x000002b0febd9eb0 nmethod 5640 0x000002b087d19f88 code [0x000002b087d1a340, 0x000002b087d1c6b0]
Event: 10.461 Thread 0x000002b0d61f7a60 5632       4       org.springframework.core.annotation.TypeMappedAnnotations$MergedAnnotationFinder::finish (9 bytes)
Event: 10.462 Thread 0x000002b0febd9eb0 5818       4       java.lang.reflect.Method::getDeclaredAnnotations (5 bytes)
Event: 10.462 Thread 0x000002b0d61f7a60 nmethod 5632 0x000002b087d1c908 code [0x000002b087d1ca00, 0x000002b087d1cab0]
Event: 10.462 Thread 0x000002b0d61f7a60 5852       4       org.springframework.core.annotation.TypeMappedAnnotations::isMappingForType (41 bytes)
Event: 10.472 Thread 0x000002b0d61f7a60 nmethod 5852 0x000002b087d1cc08 code [0x000002b087d1cd60, 0x000002b087d1d440]
Event: 10.472 Thread 0x000002b0d61f7a60 5836       4       java.util.StringJoiner::checkAddLength (50 bytes)
Event: 10.473 Thread 0x000002b0d61f7a60 nmethod 5836 0x000002b087d1d508 code [0x000002b087d1d620, 0x000002b087d1d758]
Event: 10.473 Thread 0x000002b0d61f7a60 5579       4       java.util.ImmutableCollections$AbstractImmutableList::iterator (13 bytes)
Event: 10.475 Thread 0x000002b0d61f7a60 nmethod 5579 0x000002b087d1d808 code [0x000002b087d1d920, 0x000002b087d1db00]
Event: 10.475 Thread 0x000002b0d61f7a60 5578       4       jdk.internal.classfile.impl.AbstractPoolEntry$Utf8EntryImpl::<init> (50 bytes)
Event: 10.475 Thread 0x000002b0febd9eb0 nmethod 5818 0x000002b087d1db88 code [0x000002b087d1dd40, 0x000002b087d1e7c8]
Event: 10.476 Thread 0x000002b0febd9eb0 5508       4       org.springframework.util.ClassUtils::getUserClass (32 bytes)
Event: 10.478 Thread 0x000002b0febd9eb0 nmethod 5508 0x000002b087d1e908 code [0x000002b087d1ea20, 0x000002b087d1ec70]
Event: 10.478 Thread 0x000002b0d61f7a60 nmethod 5578 0x000002b087d1ed08 code [0x000002b087d1ee20, 0x000002b087d1f208]
Event: 14.364 Thread 0x000002b0febdb170 5903       3       java.util.concurrent.locks.AbstractQueuedSynchronizer::acquire (20 bytes)
Event: 14.364 Thread 0x000002b0febdb170 nmethod 5903 0x000002b0807fb388 code [0x000002b0807fb4c0, 0x000002b0807fb730]
Event: 15.271 Thread 0x000002b0febd9eb0 5904       4       java.lang.ref.Cleaner::register (25 bytes)

GC Heap History (20 events):
Event: 3.316 GC heap before
{Heap before GC invocations=3 (full 0):
 garbage-first heap   total reserved 2021376K, committed 126976K, used 38623K [0x0000000084a00000, 0x0000000100000000)
  region size 1024K, 33 young (33792K), 4 survivors (4096K)
 Metaspace       used 21234K, committed 21504K, reserved 1114112K
  class space    used 2601K, committed 2752K, reserved 1048576K
}
Event: 3.329 GC heap after
{Heap after GC invocations=4 (full 0):
 garbage-first heap   total reserved 2021376K, committed 126976K, used 12792K [0x0000000084a00000, 0x0000000100000000)
  region size 1024K, 5 young (5120K), 5 survivors (5120K)
 Metaspace       used 21234K, committed 21504K, reserved 1114112K
  class space    used 2601K, committed 2752K, reserved 1048576K
}
Event: 4.319 GC heap before
{Heap before GC invocations=5 (full 0):
 garbage-first heap   total reserved 2021376K, committed 45056K, used 34296K [0x0000000084a00000, 0x0000000100000000)
  region size 1024K, 26 young (26624K), 5 survivors (5120K)
 Metaspace       used 24793K, committed 25216K, reserved 1114112K
  class space    used 3138K, committed 3328K, reserved 1048576K
}
Event: 4.339 GC heap after
{Heap after GC invocations=6 (full 0):
 garbage-first heap   total reserved 2021376K, committed 45056K, used 15271K [0x0000000084a00000, 0x0000000100000000)
  region size 1024K, 3 young (3072K), 3 survivors (3072K)
 Metaspace       used 24793K, committed 25216K, reserved 1114112K
  class space    used 3138K, committed 3328K, reserved 1048576K
}
Event: 5.149 GC heap before
{Heap before GC invocations=6 (full 0):
 garbage-first heap   total reserved 2021376K, committed 45056K, used 33703K [0x0000000084a00000, 0x0000000100000000)
  region size 1024K, 21 young (21504K), 3 survivors (3072K)
 Metaspace       used 29049K, committed 29504K, reserved 1114112K
  class space    used 3716K, committed 3904K, reserved 1048576K
}
Event: 5.171 GC heap after
{Heap after GC invocations=7 (full 0):
 garbage-first heap   total reserved 2021376K, committed 45056K, used 17150K [0x0000000084a00000, 0x0000000100000000)
  region size 1024K, 3 young (3072K), 3 survivors (3072K)
 Metaspace       used 29049K, committed 29504K, reserved 1114112K
  class space    used 3716K, committed 3904K, reserved 1048576K
}
Event: 5.879 GC heap before
{Heap before GC invocations=7 (full 0):
 garbage-first heap   total reserved 2021376K, committed 45056K, used 33534K [0x0000000084a00000, 0x0000000100000000)
  region size 1024K, 20 young (20480K), 3 survivors (3072K)
 Metaspace       used 32885K, committed 33408K, reserved 1114112K
  class space    used 4267K, committed 4480K, reserved 1048576K
}
Event: 5.885 GC heap after
{Heap after GC invocations=8 (full 0):
 garbage-first heap   total reserved 2021376K, committed 45056K, used 18088K [0x0000000084a00000, 0x0000000100000000)
  region size 1024K, 2 young (2048K), 2 survivors (2048K)
 Metaspace       used 32885K, committed 33408K, reserved 1114112K
  class space    used 4267K, committed 4480K, reserved 1048576K
}
Event: 6.285 GC heap before
{Heap before GC invocations=8 (full 0):
 garbage-first heap   total reserved 2021376K, committed 45056K, used 28328K [0x0000000084a00000, 0x0000000100000000)
  region size 1024K, 13 young (13312K), 2 survivors (2048K)
 Metaspace       used 35677K, committed 36096K, reserved 1114112K
  class space    used 4763K, committed 4928K, reserved 1048576K
}
Event: 6.290 GC heap after
{Heap after GC invocations=9 (full 0):
 garbage-first heap   total reserved 2021376K, committed 45056K, used 18490K [0x0000000084a00000, 0x0000000100000000)
  region size 1024K, 2 young (2048K), 2 survivors (2048K)
 Metaspace       used 35677K, committed 36096K, reserved 1114112K
  class space    used 4763K, committed 4928K, reserved 1048576K
}
Event: 7.358 GC heap before
{Heap before GC invocations=10 (full 0):
 garbage-first heap   total reserved 2021376K, committed 45056K, used 35898K [0x0000000084a00000, 0x0000000100000000)
  region size 1024K, 20 young (20480K), 2 survivors (2048K)
 Metaspace       used 44298K, committed 44800K, reserved 1114112K
  class space    used 5850K, committed 6080K, reserved 1048576K
}
Event: 7.364 GC heap after
{Heap after GC invocations=11 (full 0):
 garbage-first heap   total reserved 2021376K, committed 45056K, used 20639K [0x0000000084a00000, 0x0000000100000000)
  region size 1024K, 3 young (3072K), 3 survivors (3072K)
 Metaspace       used 44298K, committed 44800K, reserved 1114112K
  class space    used 5850K, committed 6080K, reserved 1048576K
}
Event: 8.026 GC heap before
{Heap before GC invocations=11 (full 0):
 garbage-first heap   total reserved 2021376K, committed 45056K, used 37023K [0x0000000084a00000, 0x0000000100000000)
  region size 1024K, 20 young (20480K), 3 survivors (3072K)
 Metaspace       used 48511K, committed 49024K, reserved 1114112K
  class space    used 6380K, committed 6592K, reserved 1048576K
}
Event: 8.034 GC heap after
{Heap after GC invocations=12 (full 0):
 garbage-first heap   total reserved 2021376K, committed 45056K, used 21923K [0x0000000084a00000, 0x0000000100000000)
  region size 1024K, 2 young (2048K), 2 survivors (2048K)
 Metaspace       used 48511K, committed 49024K, reserved 1114112K
  class space    used 6380K, committed 6592K, reserved 1048576K
}
Event: 8.691 GC heap before
{Heap before GC invocations=12 (full 0):
 garbage-first heap   total reserved 2021376K, committed 45056K, used 37283K [0x0000000084a00000, 0x0000000100000000)
  region size 1024K, 18 young (18432K), 2 survivors (2048K)
 Metaspace       used 54093K, committed 54656K, reserved 1114112K
  class space    used 7332K, committed 7552K, reserved 1048576K
}
Event: 8.698 GC heap after
{Heap after GC invocations=13 (full 0):
 garbage-first heap   total reserved 2021376K, committed 54272K, used 22703K [0x0000000084a00000, 0x0000000100000000)
  region size 1024K, 3 young (3072K), 3 survivors (3072K)
 Metaspace       used 54093K, committed 54656K, reserved 1114112K
  class space    used 7332K, committed 7552K, reserved 1048576K
}
Event: 9.474 GC heap before
{Heap before GC invocations=14 (full 0):
 garbage-first heap   total reserved 2021376K, committed 54272K, used 46255K [0x0000000084a00000, 0x0000000100000000)
  region size 1024K, 26 young (26624K), 3 survivors (3072K)
 Metaspace       used 59568K, committed 60224K, reserved 1114112K
  class space    used 8111K, committed 8384K, reserved 1048576K
}
Event: 9.481 GC heap after
{Heap after GC invocations=15 (full 0):
 garbage-first heap   total reserved 2021376K, committed 54272K, used 24533K [0x0000000084a00000, 0x0000000100000000)
  region size 1024K, 4 young (4096K), 4 survivors (4096K)
 Metaspace       used 59568K, committed 60224K, reserved 1114112K
  class space    used 8111K, committed 8384K, reserved 1048576K
}
Event: 10.213 GC heap before
{Heap before GC invocations=15 (full 0):
 garbage-first heap   total reserved 2021376K, committed 54272K, used 46037K [0x0000000084a00000, 0x0000000100000000)
  region size 1024K, 25 young (25600K), 4 survivors (4096K)
 Metaspace       used 62343K, committed 62976K, reserved 1114112K
  class space    used 8522K, committed 8768K, reserved 1048576K
}
Event: 10.225 GC heap after
{Heap after GC invocations=16 (full 0):
 garbage-first heap   total reserved 2021376K, committed 54272K, used 26495K [0x0000000084a00000, 0x0000000100000000)
  region size 1024K, 4 young (4096K), 4 survivors (4096K)
 Metaspace       used 62343K, committed 62976K, reserved 1114112K
  class space    used 8522K, committed 8768K, reserved 1048576K
}

Dll operation events (14 events):
Event: 0.013 Loaded shared library C:\Users\Student\.jdks\openjdk-23\bin\java.dll
Event: 0.064 Loaded shared library C:\Users\Student\.jdks\openjdk-23\bin\jsvml.dll
Event: 0.237 Loaded shared library C:\Users\Student\.jdks\openjdk-23\bin\zip.dll
Event: 0.242 Loaded shared library C:\Users\Student\.jdks\openjdk-23\bin\instrument.dll
Event: 0.249 Loaded shared library C:\Users\Student\.jdks\openjdk-23\bin\net.dll
Event: 0.252 Loaded shared library C:\Users\Student\.jdks\openjdk-23\bin\nio.dll
Event: 0.257 Loaded shared library C:\Users\Student\.jdks\openjdk-23\bin\zip.dll
Event: 0.418 Loaded shared library C:\Program Files\JetBrains\IntelliJ IDEA Community Edition 2024.2.1\bin\breakgen64.dll
Event: 0.439 Loaded shared library C:\Users\Student\.jdks\openjdk-23\bin\extnet.dll
Event: 0.506 Loaded shared library C:\Users\Student\.jdks\openjdk-23\bin\jimage.dll
Event: 2.541 Loaded shared library C:\Users\Student\.jdks\openjdk-23\bin\sunmscapi.dll
Event: 5.042 Loaded shared library C:\Users\Student\.jdks\openjdk-23\bin\management.dll
Event: 5.046 Loaded shared library C:\Users\Student\.jdks\openjdk-23\bin\management_ext.dll
Event: 6.019 Loaded shared library C:\Users\Student\.jdks\openjdk-23\bin\verify.dll

Deoptimization events (20 events):
Event: 10.164 Thread 0x000002b0f3828cb0 Uncommon trap: trap_request=0xffffffde fr.pc=0x000002b087b3a750 relative=0x0000000000000170
Event: 10.164 Thread 0x000002b0f3828cb0 Uncommon trap: reason=class_check action=maybe_recompile pc=0x000002b087b3a750 method=org.springframework.boot.context.properties.source.ConfigurationPropertyName$Elements.charAt(II)C @ 43 c2
Event: 10.164 Thread 0x000002b0f3828cb0 DEOPT PACKING pc=0x000002b087b3a750 sp=0x000000df0aefc180
Event: 10.164 Thread 0x000002b0f3828cb0 DEOPT UNPACKING pc=0x000002b087584402 sp=0x000000df0aefc0f8 mode 2
Event: 10.189 Thread 0x000002b0f3828cb0 Uncommon trap: trap_request=0xfffffff4 fr.pc=0x000002b087bcf054 relative=0x0000000000000294
Event: 10.189 Thread 0x000002b0f3828cb0 Uncommon trap: reason=null_check action=make_not_entrant pc=0x000002b087bcf054 method=org.springframework.util.ClassUtils.isAssignable(Ljava/lang/Class;Ljava/lang/Class;)Z @ 14 c2
Event: 10.189 Thread 0x000002b0f3828cb0 DEOPT PACKING pc=0x000002b087bcf054 sp=0x000000df0aefe420
Event: 10.189 Thread 0x000002b0f3828cb0 DEOPT UNPACKING pc=0x000002b087584402 sp=0x000000df0aefe3b0 mode 2
Event: 10.291 Thread 0x000002b0f3828cb0 Uncommon trap: trap_request=0xffffff45 fr.pc=0x000002b087cf64f4 relative=0x0000000000003f54
Event: 10.291 Thread 0x000002b0f3828cb0 Uncommon trap: reason=unstable_if action=reinterpret pc=0x000002b087cf64f4 method=org.springframework.util.ReflectionUtils.lambda$static$0(Ljava/lang/reflect/Method;)Z @ 4 c2
Event: 10.291 Thread 0x000002b0f3828cb0 DEOPT PACKING pc=0x000002b087cf64f4 sp=0x000000df0aefeb10
Event: 10.291 Thread 0x000002b0f3828cb0 DEOPT UNPACKING pc=0x000002b087584402 sp=0x000000df0aefea78 mode 2
Event: 10.298 Thread 0x000002b0f3828cb0 Uncommon trap: trap_request=0xffffff45 fr.pc=0x000002b087b2c15c relative=0x000000000000005c
Event: 10.298 Thread 0x000002b0f3828cb0 Uncommon trap: reason=unstable_if action=reinterpret pc=0x000002b087b2c15c method=org.springframework.util.ConcurrentReferenceHashMap$Segment.clear()V @ 7 c2
Event: 10.298 Thread 0x000002b0f3828cb0 DEOPT PACKING pc=0x000002b087b2c15c sp=0x000000df0aefedb0
Event: 10.298 Thread 0x000002b0f3828cb0 DEOPT UNPACKING pc=0x000002b087584402 sp=0x000000df0aefed40 mode 2
Event: 10.338 Thread 0x000002b0f3828cb0 Uncommon trap: trap_request=0xffffff45 fr.pc=0x000002b087af1420 relative=0x0000000000000100
Event: 10.338 Thread 0x000002b0f3828cb0 Uncommon trap: reason=unstable_if action=reinterpret pc=0x000002b087af1420 method=java.util.ArrayList.indexOfRange(Ljava/lang/Object;II)I @ 7 c2
Event: 10.338 Thread 0x000002b0f3828cb0 DEOPT PACKING pc=0x000002b087af1420 sp=0x000000df0aefeb20
Event: 10.338 Thread 0x000002b0f3828cb0 DEOPT UNPACKING pc=0x000002b087584402 sp=0x000000df0aefeaa0 mode 2

Classes loaded (20 events):
Event: 10.322 Loading class sun/nio/ch/UnixDomainSocketsUtil
Event: 10.322 Loading class sun/nio/ch/UnixDomainSocketsUtil done
Event: 10.327 Loading class java/nio/BufferMismatch
Event: 10.327 Loading class java/nio/BufferMismatch done
Event: 10.327 Loading class sun/nio/ch/SourceChannelImpl
Event: 10.328 Loading class java/nio/channels/Pipe$SourceChannel
Event: 10.328 Loading class java/nio/channels/Pipe$SourceChannel done
Event: 10.328 Loading class sun/nio/ch/SourceChannelImpl done
Event: 10.328 Loading class sun/nio/ch/SinkChannelImpl
Event: 10.328 Loading class java/nio/channels/Pipe$SinkChannel
Event: 10.328 Loading class java/nio/channels/Pipe$SinkChannel done
Event: 10.328 Loading class sun/nio/ch/SinkChannelImpl done
Event: 10.333 Loading class java/util/TreeMap$ValueSpliterator
Event: 10.333 Loading class java/util/TreeMap$TreeMapSpliterator
Event: 10.333 Loading class java/util/TreeMap$TreeMapSpliterator done
Event: 10.333 Loading class java/util/TreeMap$ValueSpliterator done
Event: 10.358 Loading class java/util/IdentityHashMap$KeySpliterator
Event: 10.358 Loading class java/util/IdentityHashMap$IdentityHashMapSpliterator
Event: 10.358 Loading class java/util/IdentityHashMap$IdentityHashMapSpliterator done
Event: 10.358 Loading class java/util/IdentityHashMap$KeySpliterator done

Classes unloaded (0 events):
No events

Classes redefined (0 events):
No events

Internal exceptions (20 events):
Event: 8.963 Thread 0x000002b0f3828cb0 Exception <a 'java/lang/NoSuchMethodError'{0x000000008a0bdf58}: 'java.lang.Object java.lang.invoke.Invokers$Holder.linkToTargetMethod(java.lang.Object, java.lang.Object, java.lang.Object, java.lang.Object, java.lang.Object, java.lang.Object, java.lang.Object, java.lang.Object, java.lang.Object, java.lang.Object, java.lang.Object, java.lang.Object)'> (0x000000008a0bdf58) 
thrown [s\open\src\hotspot\share\interpreter\linkResolver.cpp, line 796]
Event: 8.997 Thread 0x000002b0f3828cb0 Exception <a 'java/lang/IncompatibleClassChangeError'{0x000000008771d390}: Found class java.lang.Object, but interface was expected> (0x000000008771d390) 
thrown [s\open\src\hotspot\share\interpreter\linkResolver.cpp, line 863]
Event: 8.998 Thread 0x000002b0f3828cb0 Exception <a 'java/lang/NoSuchMethodError'{0x0000000087729580}: 'java.lang.Object java.lang.invoke.DirectMethodHandle$Holder.newInvokeSpecial(java.lang.Object, java.lang.Object, java.lang.Object, java.lang.Object, java.lang.Object, java.lang.Object)'> (0x0000000087729580) 
thrown [s\open\src\hotspot\share\interpreter\linkResolver.cpp, line 796]
Event: 9.008 Thread 0x000002b0f3828cb0 Exception <a 'java/lang/NoSuchMethodError'{0x0000000087798cc8}: 'java.lang.Object java.lang.invoke.DirectMethodHandle$Holder.newInvokeSpecial(java.lang.Object, java.lang.Object, java.lang.Object, java.lang.Object, java.lang.Object, java.lang.Object, java.lang.Object, int)'> (0x0000000087798cc8) 
thrown [s\open\src\hotspot\share\interpreter\linkResolver.cpp, line 796]
Event: 9.009 Thread 0x000002b0f3828cb0 Exception <a 'java/lang/NoSuchMethodError'{0x000000008779d290}: 'java.lang.Object java.lang.invoke.DirectMethodHandle$Holder.invokeSpecial(java.lang.Object, java.lang.Object, java.lang.Object, java.lang.Object, java.lang.Object, java.lang.Object, java.lang.Object, java.lang.Object, int)'> (0x000000008779d290) 
thrown [s\open\src\hotspot\share\interpreter\linkResolver.cpp, line 796]
Event: 9.009 Thread 0x000002b0f3828cb0 Exception <a 'java/lang/NoSuchMethodError'{0x00000000877a12c0}: 'java.lang.Object java.lang.invoke.Invokers$Holder.linkToTargetMethod(java.lang.Object, java.lang.Object, java.lang.Object, java.lang.Object, java.lang.Object, java.lang.Object, int, java.lang.Object)'> (0x00000000877a12c0) 
thrown [s\open\src\hotspot\share\interpreter\linkResolver.cpp, line 796]
Event: 9.029 Thread 0x000002b0f3828cb0 Exception <a 'java/lang/NoSuchMethodError'{0x0000000087658738}: 'void java.lang.invoke.DirectMethodHandle$Holder.invokeInterface(java.lang.Object, java.lang.Object)'> (0x0000000087658738) 
thrown [s\open\src\hotspot\share\interpreter\linkResolver.cpp, line 796]
Event: 9.133 Thread 0x000002b0f3828cb0 Exception <a 'java/lang/NoSuchMethodError'{0x0000000087200918}: 'void java.lang.invoke.Invokers$Holder.invokeExact_MT(java.lang.Object, java.lang.Object, java.lang.Object, java.lang.Object)'> (0x0000000087200918) 
thrown [s\open\src\hotspot\share\interpreter\linkResolver.cpp, line 796]
Event: 9.167 Thread 0x000002b0f3828cb0 Implicit null exception at 0x000002b087cbacf3 to 0x000002b087cbaf64
Event: 9.252 Thread 0x000002b0f3828cb0 Exception <a 'java/lang/IncompatibleClassChangeError'{0x0000000086e64cd8}: Found class java.lang.Object, but interface was expected> (0x0000000086e64cd8) 
thrown [s\open\src\hotspot\share\interpreter\linkResolver.cpp, line 863]
Event: 9.266 Thread 0x000002b0f3828cb0 Exception <a 'java/lang/IncompatibleClassChangeError'{0x0000000086eded58}: Found class java.lang.Object, but interface was expected> (0x0000000086eded58) 
thrown [s\open\src\hotspot\share\interpreter\linkResolver.cpp, line 863]
Event: 9.323 Thread 0x000002b0f3828cb0 Exception <a 'java/lang/IncompatibleClassChangeError'{0x0000000086c362e0}: Found class java.lang.Object, but interface was expected> (0x0000000086c362e0) 
thrown [s\open\src\hotspot\share\interpreter\linkResolver.cpp, line 863]
Event: 9.528 Thread 0x000002b0f3828cb0 Exception <a 'java/lang/IncompatibleClassChangeError'{0x000000008a834ed0}: Found class java.lang.Object, but interface was expected> (0x000000008a834ed0) 
thrown [s\open\src\hotspot\share\interpreter\linkResolver.cpp, line 863]
Event: 9.665 Thread 0x000002b0f3828cb0 Exception <a 'java/lang/NoSuchMethodError'{0x000000008a1a5b20}: 'java.lang.Object java.lang.invoke.DirectMethodHandle$Holder.newInvokeSpecial(java.lang.Object, java.lang.Object, java.lang.Object, java.lang.Object, java.lang.Object, java.lang.Object, java.lang.Object, java.lang.Object)'> (0x000000008a1a5b20) 
thrown [s\open\src\hotspot\share\interpreter\linkResolver.cpp, line 796]
Event: 9.992 Thread 0x000002b0f3828cb0 Exception <a 'java/lang/IncompatibleClassChangeError'{0x000000008708b040}: Found class java.lang.Object, but interface was expected> (0x000000008708b040) 
thrown [s\open\src\hotspot\share\interpreter\linkResolver.cpp, line 863]
Event: 10.050 Thread 0x000002b0f3828cb0 Exception <a 'java/lang/NoSuchMethodError'{0x0000000086e20dd8}: 'void java.lang.invoke.DirectMethodHandle$Holder.invokeVirtual(java.lang.Object, java.lang.Object, long)'> (0x0000000086e20dd8) 
thrown [s\open\src\hotspot\share\interpreter\linkResolver.cpp, line 796]
Event: 10.138 Thread 0x000002b0f3828cb0 Exception <a 'java/lang/NoSuchMethodError'{0x0000000086b34600}: 'int java.lang.invoke.DirectMethodHandle$Holder.invokeStaticInit(java.lang.Object, java.lang.Object, java.lang.Object, java.lang.Object)'> (0x0000000086b34600) 
thrown [s\open\src\hotspot\share\interpreter\linkResolver.cpp, line 796]
Event: 10.173 Thread 0x000002b0f3828cb0 Exception <a 'java/lang/IncompatibleClassChangeError'{0x0000000086a0a8b0}: Found class java.lang.Object, but interface was expected> (0x0000000086a0a8b0) 
thrown [s\open\src\hotspot\share\interpreter\linkResolver.cpp, line 863]
Event: 10.189 Thread 0x000002b0f3828cb0 Implicit null exception at 0x000002b087bcede8 to 0x000002b087bcf040
Event: 10.301 Thread 0x000002b0f3828cb0 Exception <a 'java/lang/NoSuchMethodError'{0x000000008a64fc18}: 'java.lang.Object java.lang.invoke.DirectMethodHandle$Holder.newInvokeSpecial(java.lang.Object, java.lang.Object, int, java.lang.Object, java.lang.Object)'> (0x000000008a64fc18) 
thrown [s\open\src\hotspot\share\interpreter\linkResolver.cpp, line 796]

VM Operations (20 events):
Event: 8.800 Executing VM operation: G1PauseCleanup
Event: 8.800 Executing VM operation: G1PauseCleanup done
Event: 9.105 Executing VM operation: HandshakeAllThreads (Deoptimize)
Event: 9.105 Executing VM operation: HandshakeAllThreads (Deoptimize) done
Event: 9.461 Executing VM operation: HandshakeAllThreads (Deoptimize)
Event: 9.462 Executing VM operation: HandshakeAllThreads (Deoptimize) done
Event: 9.474 Executing VM operation: G1CollectForAllocation (G1 Evacuation Pause)
Event: 9.481 Executing VM operation: G1CollectForAllocation (G1 Evacuation Pause) done
Event: 9.550 Executing VM operation: HandshakeAllThreads (Deoptimize)
Event: 9.550 Executing VM operation: HandshakeAllThreads (Deoptimize) done
Event: 9.551 Executing VM operation: HandshakeAllThreads (Deoptimize)
Event: 9.551 Executing VM operation: HandshakeAllThreads (Deoptimize) done
Event: 9.771 Executing VM operation: HandshakeAllThreads (Deoptimize)
Event: 9.771 Executing VM operation: HandshakeAllThreads (Deoptimize) done
Event: 9.824 Executing VM operation: HandshakeAllThreads (Deoptimize)
Event: 9.824 Executing VM operation: HandshakeAllThreads (Deoptimize) done
Event: 10.077 Executing VM operation: HandshakeAllThreads (Deoptimize)
Event: 10.077 Executing VM operation: HandshakeAllThreads (Deoptimize) done
Event: 10.213 Executing VM operation: G1CollectForAllocation (G1 Evacuation Pause)
Event: 10.225 Executing VM operation: G1CollectForAllocation (G1 Evacuation Pause) done

Memory protections (0 events):
No events

Nmethod flushes (20 events):
Event: 8.779 Thread 0x000002b0febae310 flushing  nmethod 0x000002b0805bcd08
Event: 8.779 Thread 0x000002b0febae310 flushing  nmethod 0x000002b0805e6608
Event: 8.779 Thread 0x000002b0febae310 flushing  nmethod 0x000002b0805fab88
Event: 8.779 Thread 0x000002b0febae310 flushing  nmethod 0x000002b080600d08
Event: 8.779 Thread 0x000002b0febae310 flushing  nmethod 0x000002b0803eaf88
Event: 8.779 Thread 0x000002b0febae310 flushing  nmethod 0x000002b080414688
Event: 8.779 Thread 0x000002b0febae310 flushing  nmethod 0x000002b080435b08
Event: 8.779 Thread 0x000002b0febae310 flushing  nmethod 0x000002b080449a08
Event: 8.779 Thread 0x000002b0febae310 flushing  nmethod 0x000002b08046ab88
Event: 8.779 Thread 0x000002b0febae310 flushing  nmethod 0x000002b0804a0d88
Event: 8.779 Thread 0x000002b0febae310 flushing  nmethod 0x000002b0804a1088
Event: 8.779 Thread 0x000002b0febae310 flushing  nmethod 0x000002b0804e9d08
Event: 8.779 Thread 0x000002b0febae310 flushing  nmethod 0x000002b0804eb988
Event: 8.779 Thread 0x000002b0febae310 flushing  nmethod 0x000002b0804f5608
Event: 8.779 Thread 0x000002b0febae310 flushing  nmethod 0x000002b0805a4688
Event: 8.779 Thread 0x000002b0febae310 flushing  nmethod 0x000002b0805b6288
Event: 8.779 Thread 0x000002b0febae310 flushing  nmethod 0x000002b0805b7088
Event: 8.779 Thread 0x000002b0febae310 flushing  nmethod 0x000002b0805bf608
Event: 8.779 Thread 0x000002b0febae310 flushing  nmethod 0x000002b0805c2c88
Event: 8.779 Thread 0x000002b0febae310 flushing  nmethod 0x000002b080618f88

Events (20 events):
Event: 5.266 Thread 0x000002b0f3828cb0 Thread added: 0x000002b0d831b070
Event: 5.318 Thread 0x000002b0f3828cb0 Thread added: 0x000002b0d831eb80
Event: 7.187 Thread 0x000002b0f3828cb0 Thread added: 0x000002b0d8319cc0
Event: 7.292 Thread 0x000002b0d8319cc0 Thread added: 0x000002b0d831c420
Event: 10.314 Thread 0x000002b0f3828cb0 Thread added: 0x000002b0d831a350
Event: 10.315 Thread 0x000002b0f3828cb0 Thread added: 0x000002b0d831cab0
Event: 10.315 Thread 0x000002b0f3828cb0 Thread added: 0x000002b0d831f8a0
Event: 10.315 Thread 0x000002b0f3828cb0 Thread added: 0x000002b0d831ff30
Event: 10.315 Thread 0x000002b0f3828cb0 Thread added: 0x000002b0d8318fa0
Event: 10.315 Thread 0x000002b0f3828cb0 Thread added: 0x000002b0d8319630
Event: 10.316 Thread 0x000002b0f3828cb0 Thread added: 0x000002b0d83205c0
Event: 10.316 Thread 0x000002b0f3828cb0 Thread added: 0x000002b0d831a9e0
Event: 10.316 Thread 0x000002b0f3828cb0 Thread added: 0x000002b0d60b55e0
Event: 10.316 Thread 0x000002b0f3828cb0 Thread added: 0x000002b0d9f906a0
Event: 10.330 Thread 0x000002b0f3828cb0 Thread added: 0x000002b0d9f8b7e0
Event: 10.332 Thread 0x000002b0f3828cb0 Thread added: 0x000002b0d9f89da0
Event: 10.359 Thread 0x000002b0f3828cb0 Thread exited: 0x000002b0f3828cb0
Event: 10.360 Thread 0x000002b0d9f8e5d0 Thread added: 0x000002b0d9f8e5d0
Event: 12.923 Thread 0x000002b0d831c420 Thread exited: 0x000002b0d831c420
Event: 14.363 Thread 0x000002b0d61f7a60 Thread exited: 0x000002b0d61f7a60


Dynamic libraries:
0x00007ff725ef0000 - 0x00007ff725efe000 	C:\Users\Student\.jdks\openjdk-23\bin\java.exe
0x00007ffc3d3f0000 - 0x00007ffc3d5e8000 	C:\Windows\SYSTEM32\ntdll.dll
0x00007ffc3bd00000 - 0x00007ffc3bdc1000 	C:\Windows\System32\KERNEL32.DLL
0x00007ffc3ac40000 - 0x00007ffc3af3d000 	C:\Windows\System32\KERNELBASE.dll
0x00007ffc3b170000 - 0x00007ffc3b270000 	C:\Windows\System32\ucrtbase.dll
0x00007ffc36f20000 - 0x00007ffc36f3b000 	C:\Users\Student\.jdks\openjdk-23\bin\VCRUNTIME140.dll
0x00007ffc350f0000 - 0x00007ffc35107000 	C:\Users\Student\.jdks\openjdk-23\bin\jli.dll
0x00007ffc3c300000 - 0x00007ffc3c49d000 	C:\Windows\System32\USER32.dll
0x00007ffc351c0000 - 0x00007ffc3545a000 	C:\Windows\WinSxS\amd64_microsoft.windows.common-controls_6595b64144ccf1df_6.0.19041.4355_none_60b8b9eb71f62e16\COMCTL32.dll
0x00007ffc3af70000 - 0x00007ffc3af92000 	C:\Windows\System32\win32u.dll
0x00007ffc3cb80000 - 0x00007ffc3cc1e000 	C:\Windows\System32\msvcrt.dll
0x00007ffc3d200000 - 0x00007ffc3d22b000 	C:\Windows\System32\GDI32.dll
0x00007ffc3afa0000 - 0x00007ffc3b0b7000 	C:\Windows\System32\gdi32full.dll
0x00007ffc3aaa0000 - 0x00007ffc3ab3d000 	C:\Windows\System32\msvcp_win.dll
0x00007ffc3c230000 - 0x00007ffc3c25f000 	C:\Windows\System32\IMM32.DLL
0x00007ffc37bb0000 - 0x00007ffc37bbc000 	C:\Users\Student\.jdks\openjdk-23\bin\vcruntime140_1.dll
0x00007ffc2e980000 - 0x00007ffc2ea0e000 	C:\Users\Student\.jdks\openjdk-23\bin\msvcp140.dll
0x00007ffc03470000 - 0x00007ffc041bf000 	C:\Users\Student\.jdks\openjdk-23\bin\server\jvm.dll
0x00007ffc3bf70000 - 0x00007ffc3c020000 	C:\Windows\System32\ADVAPI32.dll
0x00007ffc3c260000 - 0x00007ffc3c300000 	C:\Windows\System32\sechost.dll
0x00007ffc3bdd0000 - 0x00007ffc3bef3000 	C:\Windows\System32\RPCRT4.dll
0x00007ffc3af40000 - 0x00007ffc3af67000 	C:\Windows\System32\bcrypt.dll
0x00007ffc3cab0000 - 0x00007ffc3cb1b000 	C:\Windows\System32\WS2_32.dll
0x00007ffc2eab0000 - 0x00007ffc2eaba000 	C:\Windows\SYSTEM32\VERSION.dll
0x00007ffc2e3a0000 - 0x00007ffc2e3c7000 	C:\Windows\SYSTEM32\WINMM.dll
0x00007ffc39fe0000 - 0x00007ffc3a02b000 	C:\Windows\SYSTEM32\POWRPROF.dll
0x00007ffc39e90000 - 0x00007ffc39ea2000 	C:\Windows\SYSTEM32\UMPDC.dll
0x00007ffc38920000 - 0x00007ffc38932000 	C:\Windows\SYSTEM32\kernel.appcore.dll
0x00007ffc37b50000 - 0x00007ffc37b5a000 	C:\Users\Student\.jdks\openjdk-23\bin\jimage.dll
0x00007ffc20ec0000 - 0x00007ffc210a4000 	C:\Windows\SYSTEM32\DBGHELP.DLL
0x00007ffc358b0000 - 0x00007ffc358e4000 	C:\Windows\SYSTEM32\dbgcore.DLL
0x00007ffc3abb0000 - 0x00007ffc3ac32000 	C:\Windows\System32\bcryptPrimitives.dll
0x00007ffc350e0000 - 0x00007ffc350ef000 	C:\Users\Student\.jdks\openjdk-23\bin\instrument.dll
0x00007ffc350c0000 - 0x00007ffc350de000 	C:\Users\Student\.jdks\openjdk-23\bin\java.dll
0x00007ffc3cc20000 - 0x00007ffc3cd4b000 	C:\Windows\System32\ole32.dll
0x00007ffc3cd60000 - 0x00007ffc3d0b3000 	C:\Windows\System32\combase.dll
0x00007ffc3b420000 - 0x00007ffc3bb8f000 	C:\Windows\System32\SHELL32.dll
0x00007ffc38b20000 - 0x00007ffc392bf000 	C:\Windows\SYSTEM32\windows.storage.dll
0x00007ffc3a4c0000 - 0x00007ffc3a4ee000 	C:\Windows\SYSTEM32\Wldp.dll
0x00007ffc3d230000 - 0x00007ffc3d2fd000 	C:\Windows\System32\OLEAUT32.dll
0x00007ffc3d300000 - 0x00007ffc3d3ad000 	C:\Windows\System32\SHCORE.dll
0x00007ffc3cb20000 - 0x00007ffc3cb75000 	C:\Windows\System32\shlwapi.dll
0x00007ffc3a9d0000 - 0x00007ffc3a9f4000 	C:\Windows\SYSTEM32\profapi.dll
0x00007ffc2dee0000 - 0x00007ffc2dfb7000 	C:\Users\Student\.jdks\openjdk-23\bin\jsvml.dll
0x00007ffc350a0000 - 0x00007ffc350b7000 	C:\Users\Student\.jdks\openjdk-23\bin\zip.dll
0x00007ffc35080000 - 0x00007ffc35090000 	C:\Users\Student\.jdks\openjdk-23\bin\net.dll
0x00007ffc3a220000 - 0x00007ffc3a28a000 	C:\Windows\system32\mswsock.dll
0x00007ffc34a20000 - 0x00007ffc34a36000 	C:\Users\Student\.jdks\openjdk-23\bin\nio.dll
0x00007ffc348e0000 - 0x00007ffc348fa000 	C:\Program Files\JetBrains\IntelliJ IDEA Community Edition 2024.2.1\bin\breakgen64.dll
0x00007ffc35070000 - 0x00007ffc35079000 	C:\Users\Student\.jdks\openjdk-23\bin\extnet.dll
0x00007ffc34840000 - 0x00007ffc3484e000 	C:\Users\Student\.jdks\openjdk-23\bin\sunmscapi.dll
0x00007ffc3b270000 - 0x00007ffc3b3ce000 	C:\Windows\System32\CRYPT32.dll
0x00007ffc3a530000 - 0x00007ffc3a559000 	C:\Windows\SYSTEM32\ncrypt.dll
0x00007ffc3a4f0000 - 0x00007ffc3a52b000 	C:\Windows\SYSTEM32\NTASN1.dll
0x00007ffc3a420000 - 0x00007ffc3a438000 	C:\Windows\SYSTEM32\CRYPTSP.dll
0x00007ffc39ad0000 - 0x00007ffc39b04000 	C:\Windows\system32\rsaenh.dll
0x00007ffc3a980000 - 0x00007ffc3a9ae000 	C:\Windows\SYSTEM32\USERENV.dll
0x00007ffc3a410000 - 0x00007ffc3a41c000 	C:\Windows\SYSTEM32\CRYPTBASE.dll
0x00007ffc39eb0000 - 0x00007ffc39eeb000 	C:\Windows\SYSTEM32\IPHLPAPI.DLL
0x00007ffc3cd50000 - 0x00007ffc3cd58000 	C:\Windows\System32\NSI.dll
0x00007ffc348b0000 - 0x00007ffc348ba000 	C:\Users\Student\.jdks\openjdk-23\bin\management.dll
0x00007ffc34850000 - 0x00007ffc3485b000 	C:\Users\Student\.jdks\openjdk-23\bin\management_ext.dll
0x00007ffc3bf60000 - 0x00007ffc3bf68000 	C:\Windows\System32\PSAPI.DLL
0x00007ffc34830000 - 0x00007ffc34840000 	C:\Users\Student\.jdks\openjdk-23\bin\verify.dll
0x00007ffc39ef0000 - 0x00007ffc39fba000 	C:\Windows\SYSTEM32\DNSAPI.dll
0x00007ffc2af80000 - 0x00007ffc2af8a000 	C:\Windows\System32\rasadhlp.dll
0x00007ffc2ee50000 - 0x00007ffc2eed0000 	C:\Windows\System32\fwpuclnt.dll
0x00007ffc1f890000 - 0x00007ffc1f897000 	C:\Windows\system32\wshunix.dll

dbghelp: loaded successfully - version: 4.0.5 - missing functions: none
symbol engine: initialized successfully - sym options: 0x614 - pdb path: .;C:\Users\Student\.jdks\openjdk-23\bin;C:\Windows\SYSTEM32;C:\Windows\WinSxS\amd64_microsoft.windows.common-controls_6595b64144ccf1df_6.0.19041.4355_none_60b8b9eb71f62e16;C:\Users\Student\.jdks\openjdk-23\bin\server;C:\Program Files\JetBrains\IntelliJ IDEA Community Edition 2024.2.1\bin

VM Arguments:
jvm_args: -javaagent:C:\Program Files\JetBrains\IntelliJ IDEA Community Edition 2024.2.1\lib\idea_rt.jar=60847:C:\Program Files\JetBrains\IntelliJ IDEA Community Edition 2024.2.1\bin -Dfile.encoding=UTF-8 -Dsun.stdout.encoding=UTF-8 -Dsun.stderr.encoding=UTF-8 
java_command: BookapiApplication.example.Bookapplication.BookapplicationApplication
java_class_path (initial): C:\Users\Student\Downloads\Bookapplication\Bookapplication\Bookapplication\target\classes;C:\Users\Student\.m2\repository\org\springframework\boot\spring-boot-starter-data-jpa\3.3.4\spring-boot-starter-data-jpa-3.3.4.jar;C:\Users\Student\.m2\repository\org\springframework\boot\spring-boot-starter-aop\3.3.4\spring-boot-starter-aop-3.3.4.jar;C:\Users\Student\.m2\repository\org\springframework\spring-aop\6.1.13\spring-aop-6.1.13.jar;C:\Users\Student\.m2\repository\org\aspectj\aspectjweaver\1.9.22.1\aspectjweaver-1.9.22.1.jar;C:\Users\Student\.m2\repository\org\springframework\boot\spring-boot-starter-jdbc\3.3.4\spring-boot-starter-jdbc-3.3.4.jar;C:\Users\Student\.m2\repository\com\zaxxer\HikariCP\5.1.0\HikariCP-5.1.0.jar;C:\Users\Student\.m2\repository\org\springframework\spring-jdbc\6.1.13\spring-jdbc-6.1.13.jar;C:\Users\Student\.m2\repository\org\hibernate\orm\hibernate-core\6.5.3.Final\hibernate-core-6.5.3.Final.jar;C:\Users\Student\.m2\repository\jakarta\persistence\jakarta.persistence-api\3.1.0\jakarta.persistence-api-3.1.0.jar;C:\Users\Student\.m2\repository\jakarta\transaction\jakarta.transaction-api\2.0.1\jakarta.transaction-api-2.0.1.jar;C:\Users\Student\.m2\repository\org\jboss\logging\jboss-logging\3.5.3.Final\jboss-logging-3.5.3.Final.jar;C:\Users\Student\.m2\repository\org\hibernate\common\hibernate-commons-annotations\6.0.6.Final\hibernate-commons-annotations-6.0.6.Final.jar;C:\Users\Student\.m2\repository\io\smallrye\jandex\3.1.2\jandex-3.1.2.jar;C:\Users\Student\.m2\repository\com\fasterxml\classmate\1.7.0\classmate-1.7.0.jar;C:\Users\Student\.m2\repository\net\bytebuddy\byte-buddy\1.14.19\byte-buddy-1.14.19.jar;C:\Users\Student\.m2\repository\org\glassfish\jaxb\jaxb-runtime\4.0.5\jaxb-runtime-4.0.5.jar;C:\Users\Student\.m2\repository\org\glassfish\jaxb\jaxb-core\4.0.5\jaxb-core-4.0.5.jar;C:\Users\Student\.m2\repository\org\eclipse\angus\angus-activation\2.0.2\angus-activation-2.0.2.jar;C:\Users\Student\.m2\repository\org\glassfish\jaxb\txw2\4.0.5\txw2-4.0.5.jar;C:\Users\Student\.m2\repository\com\sun\istack\istack-commons-runtime\4.1.2\istack-commons-runtime-4.1.2.jar;C:\Users\Student\.m2\repository\jakarta\inject\jakarta.inject-api\2.0.1\jakarta.inject-api-2.0.1.jar;C:\Users\Student\.m2\repository\org\antlr\antlr4-runtime\4.13.0\antlr4-runtime-4.13.0.jar;C:\Users\Student\.m2\repository\org\springframework\data\spring-data-jpa\3.3.4\spring-data-jpa-3.3.4.jar;C:\Users\Student\.m2\repository\org\springframework\data\spring-data-commons\3.3.4\spring-data-commons-3.3.4.jar;C:\Users\Student\.m2\repository\org\springframework\spring-orm\6.1.13\spring-orm-6.1.13.jar;C:\Users\Student\.m2\repository\org\springframework\spring-context\6.1.13\spring-context-6.1.13.jar;C:\Users\Student\.m2\repository\org\springframework\spring-tx\6.1.13\spring-tx-6.1.13.jar;C:\Users\Student\.m2\repository\org\springframework\spring-beans\6.1.13\spring-beans-6.1.13.jar;C:\Users\Student\.m2\repository\jakarta\annotation\jakarta.annotation-api\2.1.1\jakarta.annotation-api-2.1.1.jar;C:\Users\Student\.m2\repository\org\slf4j\slf4j-api\2.0.16\slf4j-api-2.0.16.jar;C:\Users\Student\.m2\repository\org\springframework\spring-aspects\6.1.13\spring-aspects-6.1.13.jar;C:\Users\Student\.m2\repository\org\springframework\boot\spring-boot-starter-web\3.3.4\spring-boot-starter-web-3.3.4.jar;C:\Users\Student\.m2\repository\org\springframework\boot\spring-boot-starter\3.3.4\spring-boot-starter-3.3.4.jar;C:\Users\Student\.m2\repository\org\springframework\boot\spring-boot\3.3.4\spring-boot-3.3.4.jar;C:\Users\Student\.m2\repository\org\springframework\boot\spring-boot-autoconfigure\3.3.4\spring-boot-autoconfigure-3.3.4.jar;C:\Users\Student\.m2\repository\org\springframework\boot\spring-boot-starter-logging\3.3.4\spring-boot-starter-logging-3.3.4.jar;C:\Users\Student\.m2\repository\ch\qos\logback\logback-classic\1.5.8\logback-classic-1.5.8.jar;C:\Users\Student\.m2\repository\ch\qos\logback\logback-core\1.5.8\logback-core-1.5.8.jar;C:\Users\Student\.m2\repository\org\apache\logging\log4j\log4j-to-slf4j\2.23.1\log4j-to-slf4j-2.23.1.jar;C:\Users\Student\.m2\repository\org\apache\logging\log4j\log4j-api\2.23.1\log4j-api-2.23.1.jar;C:\Users\Student\.m2\repository\org\slf4j\jul-to-slf4j\2.0.16\jul-to-slf4j-2.0.16.jar;C:\Users\Student\.m2\repository\org\yaml\snakeyaml\2.2\snakeyaml-2.2.jar;C:\Users\Student\.m2\repository\org\springframework\boot\spring-boot-starter-json\3.3.4\spring-boot-starter-json-3.3.4.jar;C:\Users\Student\.m2\repository\com\fasterxml\jackson\core\jackson-databind\2.17.2\jackson-databind-2.17.2.jar;C:\Users\Student\.m2\repository\com\fasterxml\jackson\core\jackson-annotations\2.17.2\jackson-annotations-2.17.2.jar;C:\Users\Student\.m2\repository\com\fasterxml\jackson\core\jackson-core\2.17.2\jackson-core-2.17.2.jar;C:\Users\Student\.m2\repository\com\fasterxml\jackson\datatype\jackson-datatype-jdk8\2.17.2\jackson-datatype-jdk8-2.17.2.jar;C:\Users\Student\.m2\repository\com\fasterxml\jackson\datatype\jackson-datatype-jsr310\2.17.2\jackson-datatype-jsr310-2.17.2.jar;C:\Users\Student\.m2\repository\com\fasterxml\jackson\module\jackson-module-parameter-names\2.17.2\jackson-module-parameter-names-2.17.2.jar;C:\Users\Student\.m2\repository\org\springframework\boot\spring-boot-starter-tomcat\3.3.4\spring-boot-starter-tomcat-3.3.4.jar;C:\Users\Student\.m2\repository\org\apache\tomcat\embed\tomcat-embed-core\10.1.30\tomcat-embed-core-10.1.30.jar;C:\Users\Student\.m2\repository\org\apache\tomcat\embed\tomcat-embed-el\10.1.30\tomcat-embed-el-10.1.30.jar;C:\Users\Student\.m2\repository\org\apache\tomcat\embed\tomcat-embed-websocket\10.1.30\tomcat-embed-websocket-10.1.30.jar;C:\Users\Student\.m2\repository\org\springframework\spring-web\6.1.13\spring-web-6.1.13.jar;C:\Users\Student\.m2\repository\io\micrometer\micrometer-observation\1.13.4\micrometer-observation-1.13.4.jar;C:\Users\Student\.m2\repository\io\micrometer\micrometer-commons\1.13.4\micrometer-commons-1.13.4.jar;C:\Users\Student\.m2\repository\org\springframework\spring-webmvc\6.1.13\spring-webmvc-6.1.13.jar;C:\Users\Student\.m2\repository\org\springframework\spring-expression\6.1.13\spring-expression-6.1.13.jar;C:\Users\Student\.m2\repository\mysql\mysql-connector-java\8.0.28\mysql-connector-java-8.0.28.jar;C:\Users\Student\.m2\repository\com\google\protobuf\protobuf-java\3.11.4\protobuf-java-3.11.4.jar;C:\Users\Student\.m2\repository\com\h2database\h2\2.2.224\h2-2.2.224.jar;C:\Users\Student\.m2\repository\jakarta\xml\bind\jakarta.xml.bind-api\4.0.2\jakarta.xml.bind-api-4.0.2.jar;C:\Users\Student\.m2\repository\jakarta\activation\jakarta.activation-api\2.1.3\jakarta.activation-api-2.1.3.jar;C:\Users\Student\.m2\repository\org\springframework\spring-core\6.1.13\spring-core-6.1.13.jar;C:\Users\Student\.m2\repository\org\springframework\spring-jcl\6.1.13\spring-jcl-6.1.13.jar
Launcher Type: SUN_STANDARD

[Global flags]
     intx CICompilerCount                          = 3                                         {product} {ergonomic}
     uint ConcGCThreads                            = 1                                         {product} {ergonomic}
     uint G1ConcRefinementThreads                  = 4                                         {product} {ergonomic}
   size_t G1HeapRegionSize                         = 1048576                                   {product} {ergonomic}
   size_t InitialHeapSize                          = 130023424                                 {product} {ergonomic}
   size_t MarkStackSize                            = 4194304                                   {product} {ergonomic}
   size_t MarkStackSizeMax                         = 536870912                                 {product} {ergonomic}
   size_t MaxHeapSize                              = 2069889024                                {product} {ergonomic}
   size_t MaxNewSize                               = 1241513984                                {product} {ergonomic}
   size_t MinHeapDeltaBytes                        = 1048576                                   {product} {ergonomic}
   size_t MinHeapSize                              = 8388608                                   {product} {ergonomic}
    uintx NonNMethodCodeHeapSize                   = 5832704                                {pd product} {ergonomic}
    uintx NonProfiledCodeHeapSize                  = 122945536                              {pd product} {ergonomic}
    uintx ProfiledCodeHeapSize                     = 122880000                              {pd product} {ergonomic}
    uintx ReservedCodeCacheSize                    = 251658240                              {pd product} {ergonomic}
     bool SegmentedCodeCache                       = true                                      {product} {ergonomic}
   size_t SoftMaxHeapSize                          = 2069889024                             {manageable} {ergonomic}
     bool UseCompressedOops                        = true                           {product lp64_product} {ergonomic}
     bool UseG1GC                                  = true                                      {product} {ergonomic}
     bool UseLargePagesIndividualAllocation        = false                                  {pd product} {ergonomic}

Logging:
Log output configuration:
 #0: stdout all=warning uptime,level,tags foldmultilines=false
 #1: stderr all=off uptime,level,tags foldmultilines=false

Environment Variables:
PATH=E:\app\IBM\product\12.1.0\dbhome_1\bin;C:\Windows\system32;C:\Windows;C:\Windows\System32\Wbem;C:\Windows\System32\WindowsPowerShell\v1.0\;C:\Windows\System32\OpenSSH\;C:\Program Files\Git\cmd;C:\Program Files\Microsoft SQL Server\Client SDK\ODBC\170\Tools\Binn\;C:\Program Files (x86)\Microsoft SQL Server\150\Tools\Binn\;C:\Program Files\Microsoft SQL Server\150\Tools\Binn\;C:\Program Files\Microsoft SQL Server\150\DTS\Binn\;C:\Program Files\dotnet\;C:\Program Files\Microsoft SQL Server\130\Tools\Binn\;C:\Program Files (x86)\Microsoft SQL Server\160\DTS\Binn\;C:\Program Files\Azure Data Studio\bin;C:\Users\Student\AppData\Local\Microsoft\WindowsApps;C:\Users\Student\AppData\Local\Programs\Microsoft VS Code\bin
USERNAME=Student
OS=Windows_NT
PROCESSOR_IDENTIFIER=Intel64 Family 6 Model 69 Stepping 1, GenuineIntel
TMP=C:\Users\Student\AppData\Local\Temp
TEMP=C:\Users\Student\AppData\Local\Temp




Periodic native trim disabled

---------------  S Y S T E M  ---------------

OS:
 Windows 10 , 64 bit Build 19041 (10.0.19041.4717)
OS uptime: 19 days 21:27 hours

CPU: total 4 (initial active 4) (2 cores per cpu, 2 threads per core) family 6 model 69 stepping 1 microcode 0x25, cx8, cmov, fxsr, ht, mmx, sse, sse2, sse3, ssse3, sse4.1, sse4.2, popcnt, lzcnt, tsc, tscinvbit, avx, avx2, aes, erms, clmul, bmi1, bmi2, fma, vzeroupper, clflush, rdtscp, f16c
Processor Information for the first 4 processors :
  Max Mhz: 2494, Current Mhz: 1895, Mhz Limit: 1895

Memory: 4k page, system-wide physical 7894M (979M free)
TotalPageFile size 10894M (AvailPageFile size 143M)
current process WorkingSet (physical memory assigned to process): 213M, peak: 250M
current process commit charge ("private bytes"): 245M, peak: 278M

vm_info: OpenJDK 64-Bit Server VM (23+37-2369) for windows-amd64 JRE (23+37-2369), built on 2024-08-20T16:01:23Z with MS VC++ 17.6 (VS2022)

END.
