#
# There is insufficient memory for the Java Runtime Environment to continue.
# Native memory allocation (malloc) failed to allocate 242896 bytes. Error detail: Chunk::new
# Possible reasons:
#   The system is out of physical RAM or swap space
#   This process is running with CompressedOops enabled, and the Java Heap may be blocking the growth of the native heap
# Possible solutions:
#   Reduce memory load on the system
#   Increase physical memory or swap space
#   Check if swap backing store is full
#   Decrease Java heap size (-Xmx/-Xms)
#   Decrease number of Java threads
#   Decrease Java thread stack sizes (-Xss)
#   Set larger code cache with -XX:ReservedCodeCacheSize=
#   JVM is running with Unscaled Compressed Oops mode in which the Java heap is
#     placed in the first 4GB address space. The Java Heap base address is the
#     maximum limit for the native heap growth. Please use -XX:HeapBaseMinAddress
#     to set the Java Heap base and to place the Java Heap above 4GB virtual address.
# This output file may be truncated or incomplete.
#
#  Out of Memory Error (arena.cpp:149), pid=13912, tid=11624
#
# JRE version: OpenJDK Runtime Environment (23.0+37) (build 23+37-2369)
# Java VM: OpenJDK 64-Bit Server VM (23+37-2369, mixed mode, sharing, tiered, compressed oops, compressed class ptrs, g1 gc, windows-amd64)
# No core dump will be written. Minidumps are not enabled by default on client versions of Windows
#

---------------  S U M M A R Y ------------

Command Line: -javaagent:C:\Program Files\JetBrains\IntelliJ IDEA Community Edition 2024.2.1\lib\idea_rt.jar=60933:C:\Program Files\JetBrains\IntelliJ IDEA Community Edition 2024.2.1\bin -Dfile.encoding=UTF-8 -Dsun.stdout.encoding=UTF-8 -Dsun.stderr.encoding=UTF-8 BookapiApplication.example.Bookapplication.BookapplicationApplication

Host: Intel(R) Core(TM) i5-4300U CPU @ 1.90GHz, 4 cores, 7G,  Windows 10 , 64 bit Build 19041 (10.0.19041.4717)
Time: Wed Sep 25 10:06:27 2024 Pakistan Standard Time elapsed time: 2.289763 seconds (0d 0h 0m 2s)

---------------  T H R E A D  ---------------

Current thread (0x0000029f260200f0):  JavaThread "C2 CompilerThread0" daemon [_thread_in_native, id=11624, stack(0x000000a960900000,0x000000a960a00000) (1024K)]


Current CompileTask:
C2:2289 2341 %     4       java.util.Properties$LineReader::readLine @ 53 (584 bytes)

Stack: [0x000000a960900000,0x000000a960a00000]
Native frames: (J=compiled Java code, j=interpreted, Vv=VM code, C=native code)
V  [jvm.dll+0x6e08a9]  (no source info available)
V  [jvm.dll+0x87da63]  (no source info available)
V  [jvm.dll+0x87feee]  (no source info available)
V  [jvm.dll+0x8805c3]  (no source info available)
V  [jvm.dll+0x27aee6]  (no source info available)
V  [jvm.dll+0xbc06f]  (no source info available)
V  [jvm.dll+0xbc2cb]  (no source info available)
V  [jvm.dll+0x2ee94d]  (no source info available)
V  [jvm.dll+0x6063c9]  (no source info available)
V  [jvm.dll+0x24ddf2]  (no source info available)
V  [jvm.dll+0x24e1d5]  (no source info available)
V  [jvm.dll+0x246b54]  (no source info available)
V  [jvm.dll+0x243d04]  (no source info available)
V  [jvm.dll+0x1c33a0]  (no source info available)
V  [jvm.dll+0x253cf1]  (no source info available)
V  [jvm.dll+0x251faa]  (no source info available)
V  [jvm.dll+0x3ee036]  (no source info available)
V  [jvm.dll+0x824f1b]  (no source info available)
V  [jvm.dll+0x6df055]  (no source info available)
C  [ucrtbase.dll+0x21bb2]  (no source info available)
C  [KERNEL32.DLL+0x17374]  (no source info available)
C  [ntdll.dll+0x4cc91]  (no source info available)

Lock stack of current Java thread (top to bottom):


---------------  P R O C E S S  ---------------

Threads class SMR info:
_java_thread_list=0x0000029f6c5fc9c0, length=15, elements={
0x0000029f07a16ef0, 0x0000029f25fe5e80, 0x0000029f25fe9bc0, 0x0000029f25febef0,
0x0000029f25fec950, 0x0000029f25ff73d0, 0x0000029f2601d350, 0x0000029f260200f0,
0x0000029f26020ba0, 0x0000029f26157cd0, 0x0000029f26156290, 0x0000029f26157640,
0x0000029f26154ee0, 0x0000029f6c76c8d0, 0x0000029f26155c00
}

Java Threads: ( => current thread )
  0x0000029f07a16ef0 JavaThread "main"                              [_thread_in_vm, id=5808, stack(0x000000a95fa00000,0x000000a95fb00000) (1024K)]
  0x0000029f25fe5e80 JavaThread "Reference Handler"          daemon [_thread_blocked, id=11216, stack(0x000000a960300000,0x000000a960400000) (1024K)]
  0x0000029f25fe9bc0 JavaThread "Finalizer"                  daemon [_thread_blocked, id=12728, stack(0x000000a960400000,0x000000a960500000) (1024K)]
  0x0000029f25febef0 JavaThread "Signal Dispatcher"          daemon [_thread_blocked, id=4420, stack(0x000000a960500000,0x000000a960600000) (1024K)]
  0x0000029f25fec950 JavaThread "Attach Listener"            daemon [_thread_blocked, id=12524, stack(0x000000a960600000,0x000000a960700000) (1024K)]
  0x0000029f25ff73d0 JavaThread "Service Thread"             daemon [_thread_blocked, id=11948, stack(0x000000a960700000,0x000000a960800000) (1024K)]
  0x0000029f2601d350 JavaThread "Monitor Deflation Thread"   daemon [_thread_blocked, id=988, stack(0x000000a960800000,0x000000a960900000) (1024K)]
=>0x0000029f260200f0 JavaThread "C2 CompilerThread0"         daemon [_thread_in_native, id=11624, stack(0x000000a960900000,0x000000a960a00000) (1024K)]
  0x0000029f26020ba0 JavaThread "C1 CompilerThread0"         daemon [_thread_blocked, id=2884, stack(0x000000a960a00000,0x000000a960b00000) (1024K)]
  0x0000029f26157cd0 JavaThread "Common-Cleaner"             daemon [_thread_blocked, id=12880, stack(0x000000a960b00000,0x000000a960c00000) (1024K)]
  0x0000029f26156290 JavaThread "Monitor Ctrl-Break"         daemon [_thread_in_native, id=6140, stack(0x000000a960d00000,0x000000a960e00000) (1024K)]
  0x0000029f26157640 JavaThread "Notification Thread"        daemon [_thread_blocked, id=6772, stack(0x000000a960e00000,0x000000a960f00000) (1024K)]
  0x0000029f26154ee0 JavaThread "background-preinit"                [_thread_in_vm, id=12108, stack(0x000000a961200000,0x000000a961300000) (1024K)]
  0x0000029f6c76c8d0 JavaThread "C2 CompilerThread1"         daemon [_thread_in_native, id=4376, stack(0x000000a960c00000,0x000000a960d00000) (1024K)]
  0x0000029f26155c00 JavaThread "Thread-0"                          [_thread_in_vm, id=4608, stack(0x000000a961300000,0x000000a961400000) (1024K)]
Total: 15

Other Threads:
  0x0000029f25fce780 VMThread "VM Thread"                           [id=10844, stack(0x000000a960100000,0x000000a960200000) (1024K)]
  0x0000029f25fbe720 WatcherThread "VM Periodic Task Thread"        [id=572, stack(0x000000a960000000,0x000000a960100000) (1024K)]
  0x0000029f09c9e520 WorkerThread "GC Thread#0"                     [id=1240, stack(0x000000a95fb00000,0x000000a95fc00000) (1024K)]
  0x0000029f26aafe20 WorkerThread "GC Thread#1"                     [id=2800, stack(0x000000a960f00000,0x000000a961000000) (1024K)]
  0x0000029f6c075070 WorkerThread "GC Thread#2"                     [id=12400, stack(0x000000a961000000,0x000000a961100000) (1024K)]
  0x0000029f6c075420 WorkerThread "GC Thread#3"                     [id=13004, stack(0x000000a961100000,0x000000a961200000) (1024K)]
  0x0000029f09cb3900 ConcurrentGCThread "G1 Main Marker"            [id=4188, stack(0x000000a95fc00000,0x000000a95fd00000) (1024K)]
  0x0000029f09cb4320 WorkerThread "G1 Conc#0"                       [id=7192, stack(0x000000a95fd00000,0x000000a95fe00000) (1024K)]
  0x0000029f09d0ea60 ConcurrentGCThread "G1 Refine#0"               [id=9952, stack(0x000000a95fe00000,0x000000a95ff00000) (1024K)]
  0x0000029f25e92aa0 ConcurrentGCThread "G1 Service"                [id=8720, stack(0x000000a95ff00000,0x000000a960000000) (1024K)]
Total: 10

Threads with active compile tasks:
C2 CompilerThread0  2388 2341 %     4       java.util.Properties$LineReader::readLine @ 53 (584 bytes)
C2 CompilerThread1  2388 2343 %     4       java.util.Properties::loadConvert @ 8 (540 bytes)
Total: 2

VM state: not at safepoint (normal execution)

VM Mutex/Monitor currently owned by a thread:  ([mutex/lock_event])
[0x00007ffc040e1890] Metaspace_lock - owner thread: 0x0000029f26154ee0

Heap address: 0x0000000084a00000, size: 1974 MB, Compressed Oops mode: 32-bit

CDS archive(s) mapped at: [0x0000029f27000000-0x0000029f27d70000-0x0000029f27d70000), size 14090240, SharedBaseAddress: 0x0000029f27000000, ArchiveRelocationMode: 1.
Compressed class space mapped at: 0x0000029f28000000-0x0000029f68000000, reserved size: 1073741824
Narrow klass base: 0x0000029f27000000, Narrow klass shift: 0, Narrow klass range: 0x41000000

GC Precious Log:
 CardTable entry size: 512
 Card Set container configuration: InlinePtr #cards 5 size 8 Array Of Cards #cards 10 size 36 Howl #buckets 4 coarsen threshold 1843 Howl Bitmap #cards 512 size 80 coarsen threshold 460 Card regions per heap region 1 cards per card region 2048
 CPUs: 4 total, 4 available
 Memory: 7894M
 Large Page Support: Disabled
 NUMA Support: Disabled
 Compressed Oops: Enabled (32-bit)
 Heap Region Size: 1M
 Heap Min Capacity: 8M
 Heap Initial Capacity: 124M
 Heap Max Capacity: 1974M
 Pre-touch: Disabled
 Parallel Workers: 4
 Concurrent Workers: 1
 Concurrent Refinement Workers: 4
 Periodic GC: Disabled

Heap:
 garbage-first heap   total reserved 2021376K, committed 126976K, used 13890K [0x0000000084a00000, 0x0000000100000000)
  region size 1024K, 9 young (9216K), 4 survivors (4096K)
 Metaspace       used 17723K, committed 17984K, reserved 1114112K
  class space    used 2203K, committed 2368K, reserved 1048576K

Heap Regions: E=young(eden), S=young(survivor), O=old, HS=humongous(starts), HC=humongous(continues), CS=collection set, F=free, TAMS=top-at-mark-start, PB=parsable bottom
|   0|0x0000000084a00000, 0x0000000084b00000, 0x0000000084b00000|100%|HS|  |TAMS 0x0000000084a00000| PB 0x0000000084a00000| Complete |  0
|   1|0x0000000084b00000, 0x0000000084c00000, 0x0000000084c00000|100%| O|  |TAMS 0x0000000084b00000| PB 0x0000000084b00000| Untracked |  0
|   2|0x0000000084c00000, 0x0000000084d00000, 0x0000000084d00000|100%| O|  |TAMS 0x0000000084c00000| PB 0x0000000084c00000| Untracked |  0
|   3|0x0000000084d00000, 0x0000000084e00000, 0x0000000084e00000|100%| O|  |TAMS 0x0000000084d00000| PB 0x0000000084d00000| Untracked |  0
|   4|0x0000000084e00000, 0x0000000084f00000, 0x0000000084f00000|100%| O|  |TAMS 0x0000000084e00000| PB 0x0000000084e00000| Untracked |  0
|   5|0x0000000084f00000, 0x0000000085000000, 0x0000000085000000|100%| O|  |TAMS 0x0000000084f00000| PB 0x0000000084f00000| Untracked |  0
|   6|0x0000000085000000, 0x0000000085032ae0, 0x0000000085100000| 19%| O|  |TAMS 0x0000000085000000| PB 0x0000000085000000| Untracked |  0
|   7|0x0000000085100000, 0x0000000085100000, 0x0000000085200000|  0%| F|  |TAMS 0x0000000085100000| PB 0x0000000085100000| Untracked |  0
|   8|0x0000000085200000, 0x0000000085200000, 0x0000000085300000|  0%| F|  |TAMS 0x0000000085200000| PB 0x0000000085200000| Untracked |  0
|   9|0x0000000085300000, 0x0000000085300000, 0x0000000085400000|  0%| F|  |TAMS 0x0000000085300000| PB 0x0000000085300000| Untracked |  0
|  10|0x0000000085400000, 0x0000000085400000, 0x0000000085500000|  0%| F|  |TAMS 0x0000000085400000| PB 0x0000000085400000| Untracked |  0
|  11|0x0000000085500000, 0x0000000085500000, 0x0000000085600000|  0%| F|  |TAMS 0x0000000085500000| PB 0x0000000085500000| Untracked |  0
|  12|0x0000000085600000, 0x0000000085600000, 0x0000000085700000|  0%| F|  |TAMS 0x0000000085600000| PB 0x0000000085600000| Untracked |  0
|  13|0x0000000085700000, 0x0000000085700000, 0x0000000085800000|  0%| F|  |TAMS 0x0000000085700000| PB 0x0000000085700000| Untracked |  0
|  14|0x0000000085800000, 0x0000000085800000, 0x0000000085900000|  0%| F|  |TAMS 0x0000000085800000| PB 0x0000000085800000| Untracked |  0
|  15|0x0000000085900000, 0x0000000085900000, 0x0000000085a00000|  0%| F|  |TAMS 0x0000000085900000| PB 0x0000000085900000| Untracked |  0
|  16|0x0000000085a00000, 0x0000000085a00000, 0x0000000085b00000|  0%| F|  |TAMS 0x0000000085a00000| PB 0x0000000085a00000| Untracked |  0
|  17|0x0000000085b00000, 0x0000000085b00000, 0x0000000085c00000|  0%| F|  |TAMS 0x0000000085b00000| PB 0x0000000085b00000| Untracked |  0
|  18|0x0000000085c00000, 0x0000000085c00000, 0x0000000085d00000|  0%| F|  |TAMS 0x0000000085c00000| PB 0x0000000085c00000| Untracked |  0
|  19|0x0000000085d00000, 0x0000000085d00000, 0x0000000085e00000|  0%| F|  |TAMS 0x0000000085d00000| PB 0x0000000085d00000| Untracked |  0
|  20|0x0000000085e00000, 0x0000000085e00000, 0x0000000085f00000|  0%| F|  |TAMS 0x0000000085e00000| PB 0x0000000085e00000| Untracked |  0
|  21|0x0000000085f00000, 0x0000000085f00000, 0x0000000086000000|  0%| F|  |TAMS 0x0000000085f00000| PB 0x0000000085f00000| Untracked |  0
|  22|0x0000000086000000, 0x0000000086000000, 0x0000000086100000|  0%| F|  |TAMS 0x0000000086000000| PB 0x0000000086000000| Untracked |  0
|  23|0x0000000086100000, 0x0000000086100000, 0x0000000086200000|  0%| F|  |TAMS 0x0000000086100000| PB 0x0000000086100000| Untracked |  0
|  24|0x0000000086200000, 0x0000000086200000, 0x0000000086300000|  0%| F|  |TAMS 0x0000000086200000| PB 0x0000000086200000| Untracked |  0
|  25|0x0000000086300000, 0x0000000086300000, 0x0000000086400000|  0%| F|  |TAMS 0x0000000086300000| PB 0x0000000086300000| Untracked |  0
|  26|0x0000000086400000, 0x0000000086400000, 0x0000000086500000|  0%| F|  |TAMS 0x0000000086400000| PB 0x0000000086400000| Untracked |  0
|  27|0x0000000086500000, 0x0000000086500000, 0x0000000086600000|  0%| F|  |TAMS 0x0000000086500000| PB 0x0000000086500000| Untracked |  0
|  28|0x0000000086600000, 0x0000000086600000, 0x0000000086700000|  0%| F|  |TAMS 0x0000000086600000| PB 0x0000000086600000| Untracked |  0
|  29|0x0000000086700000, 0x0000000086700000, 0x0000000086800000|  0%| F|  |TAMS 0x0000000086700000| PB 0x0000000086700000| Untracked |  0
|  30|0x0000000086800000, 0x0000000086800000, 0x0000000086900000|  0%| F|  |TAMS 0x0000000086800000| PB 0x0000000086800000| Untracked |  0
|  31|0x0000000086900000, 0x0000000086900000, 0x0000000086a00000|  0%| F|  |TAMS 0x0000000086900000| PB 0x0000000086900000| Untracked |  0
|  32|0x0000000086a00000, 0x0000000086a00000, 0x0000000086b00000|  0%| F|  |TAMS 0x0000000086a00000| PB 0x0000000086a00000| Untracked |  0
|  33|0x0000000086b00000, 0x0000000086b00000, 0x0000000086c00000|  0%| F|  |TAMS 0x0000000086b00000| PB 0x0000000086b00000| Untracked |  0
|  34|0x0000000086c00000, 0x0000000086c00000, 0x0000000086d00000|  0%| F|  |TAMS 0x0000000086c00000| PB 0x0000000086c00000| Untracked |  0
|  35|0x0000000086d00000, 0x0000000086d00000, 0x0000000086e00000|  0%| F|  |TAMS 0x0000000086d00000| PB 0x0000000086d00000| Untracked |  0
|  36|0x0000000086e00000, 0x0000000086e00000, 0x0000000086f00000|  0%| F|  |TAMS 0x0000000086e00000| PB 0x0000000086e00000| Untracked |  0
|  37|0x0000000086f00000, 0x0000000086f00000, 0x0000000087000000|  0%| F|  |TAMS 0x0000000086f00000| PB 0x0000000086f00000| Untracked |  0
|  38|0x0000000087000000, 0x0000000087000000, 0x0000000087100000|  0%| F|  |TAMS 0x0000000087000000| PB 0x0000000087000000| Untracked |  0
|  39|0x0000000087100000, 0x0000000087100000, 0x0000000087200000|  0%| F|  |TAMS 0x0000000087100000| PB 0x0000000087100000| Untracked |  0
|  40|0x0000000087200000, 0x0000000087200000, 0x0000000087300000|  0%| F|  |TAMS 0x0000000087200000| PB 0x0000000087200000| Untracked |  0
|  41|0x0000000087300000, 0x0000000087300000, 0x0000000087400000|  0%| F|  |TAMS 0x0000000087300000| PB 0x0000000087300000| Untracked |  0
|  42|0x0000000087400000, 0x0000000087400000, 0x0000000087500000|  0%| F|  |TAMS 0x0000000087400000| PB 0x0000000087400000| Untracked |  0
|  43|0x0000000087500000, 0x0000000087500000, 0x0000000087600000|  0%| F|  |TAMS 0x0000000087500000| PB 0x0000000087500000| Untracked |  0
|  44|0x0000000087600000, 0x0000000087600000, 0x0000000087700000|  0%| F|  |TAMS 0x0000000087600000| PB 0x0000000087600000| Untracked |  0
|  45|0x0000000087700000, 0x0000000087700000, 0x0000000087800000|  0%| F|  |TAMS 0x0000000087700000| PB 0x0000000087700000| Untracked |  0
|  46|0x0000000087800000, 0x0000000087800000, 0x0000000087900000|  0%| F|  |TAMS 0x0000000087800000| PB 0x0000000087800000| Untracked |  0
|  47|0x0000000087900000, 0x0000000087900000, 0x0000000087a00000|  0%| F|  |TAMS 0x0000000087900000| PB 0x0000000087900000| Untracked |  0
|  48|0x0000000087a00000, 0x0000000087a00000, 0x0000000087b00000|  0%| F|  |TAMS 0x0000000087a00000| PB 0x0000000087a00000| Untracked |  0
|  49|0x0000000087b00000, 0x0000000087b00000, 0x0000000087c00000|  0%| F|  |TAMS 0x0000000087b00000| PB 0x0000000087b00000| Untracked |  0
|  50|0x0000000087c00000, 0x0000000087c00000, 0x0000000087d00000|  0%| F|  |TAMS 0x0000000087c00000| PB 0x0000000087c00000| Untracked |  0
|  51|0x0000000087d00000, 0x0000000087d00000, 0x0000000087e00000|  0%| F|  |TAMS 0x0000000087d00000| PB 0x0000000087d00000| Untracked |  0
|  52|0x0000000087e00000, 0x0000000087e00000, 0x0000000087f00000|  0%| F|  |TAMS 0x0000000087e00000| PB 0x0000000087e00000| Untracked |  0
|  53|0x0000000087f00000, 0x0000000087f00000, 0x0000000088000000|  0%| F|  |TAMS 0x0000000087f00000| PB 0x0000000087f00000| Untracked |  0
|  54|0x0000000088000000, 0x0000000088000000, 0x0000000088100000|  0%| F|  |TAMS 0x0000000088000000| PB 0x0000000088000000| Untracked |  0
|  55|0x0000000088100000, 0x0000000088100000, 0x0000000088200000|  0%| F|  |TAMS 0x0000000088100000| PB 0x0000000088100000| Untracked |  0
|  56|0x0000000088200000, 0x0000000088200000, 0x0000000088300000|  0%| F|  |TAMS 0x0000000088200000| PB 0x0000000088200000| Untracked |  0
|  57|0x0000000088300000, 0x0000000088300000, 0x0000000088400000|  0%| F|  |TAMS 0x0000000088300000| PB 0x0000000088300000| Untracked |  0
|  58|0x0000000088400000, 0x0000000088400000, 0x0000000088500000|  0%| F|  |TAMS 0x0000000088400000| PB 0x0000000088400000| Untracked |  0
|  59|0x0000000088500000, 0x0000000088500000, 0x0000000088600000|  0%| F|  |TAMS 0x0000000088500000| PB 0x0000000088500000| Untracked |  0
|  60|0x0000000088600000, 0x0000000088600000, 0x0000000088700000|  0%| F|  |TAMS 0x0000000088600000| PB 0x0000000088600000| Untracked |  0
|  61|0x0000000088700000, 0x0000000088700000, 0x0000000088800000|  0%| F|  |TAMS 0x0000000088700000| PB 0x0000000088700000| Untracked |  0
|  62|0x0000000088800000, 0x0000000088800000, 0x0000000088900000|  0%| F|  |TAMS 0x0000000088800000| PB 0x0000000088800000| Untracked |  0
|  63|0x0000000088900000, 0x0000000088900000, 0x0000000088a00000|  0%| F|  |TAMS 0x0000000088900000| PB 0x0000000088900000| Untracked |  0
|  64|0x0000000088a00000, 0x0000000088a00000, 0x0000000088b00000|  0%| F|  |TAMS 0x0000000088a00000| PB 0x0000000088a00000| Untracked |  0
|  65|0x0000000088b00000, 0x0000000088b00000, 0x0000000088c00000|  0%| F|  |TAMS 0x0000000088b00000| PB 0x0000000088b00000| Untracked |  0
|  66|0x0000000088c00000, 0x0000000088c00000, 0x0000000088d00000|  0%| F|  |TAMS 0x0000000088c00000| PB 0x0000000088c00000| Untracked |  0
|  67|0x0000000088d00000, 0x0000000088d00000, 0x0000000088e00000|  0%| F|  |TAMS 0x0000000088d00000| PB 0x0000000088d00000| Untracked |  0
|  68|0x0000000088e00000, 0x0000000088e00000, 0x0000000088f00000|  0%| F|  |TAMS 0x0000000088e00000| PB 0x0000000088e00000| Untracked |  0
|  69|0x0000000088f00000, 0x0000000088f00000, 0x0000000089000000|  0%| F|  |TAMS 0x0000000088f00000| PB 0x0000000088f00000| Untracked |  0
|  70|0x0000000089000000, 0x0000000089000000, 0x0000000089100000|  0%| F|  |TAMS 0x0000000089000000| PB 0x0000000089000000| Untracked |  0
|  71|0x0000000089100000, 0x0000000089100000, 0x0000000089200000|  0%| F|  |TAMS 0x0000000089100000| PB 0x0000000089100000| Untracked |  0
|  72|0x0000000089200000, 0x0000000089200000, 0x0000000089300000|  0%| F|  |TAMS 0x0000000089200000| PB 0x0000000089200000| Untracked |  0
|  73|0x0000000089300000, 0x0000000089300000, 0x0000000089400000|  0%| F|  |TAMS 0x0000000089300000| PB 0x0000000089300000| Untracked |  0
|  74|0x0000000089400000, 0x0000000089400000, 0x0000000089500000|  0%| F|  |TAMS 0x0000000089400000| PB 0x0000000089400000| Untracked |  0
|  75|0x0000000089500000, 0x0000000089500000, 0x0000000089600000|  0%| F|  |TAMS 0x0000000089500000| PB 0x0000000089500000| Untracked |  0
|  76|0x0000000089600000, 0x0000000089600000, 0x0000000089700000|  0%| F|  |TAMS 0x0000000089600000| PB 0x0000000089600000| Untracked |  0
|  77|0x0000000089700000, 0x0000000089700000, 0x0000000089800000|  0%| F|  |TAMS 0x0000000089700000| PB 0x0000000089700000| Untracked |  0
|  78|0x0000000089800000, 0x0000000089800000, 0x0000000089900000|  0%| F|  |TAMS 0x0000000089800000| PB 0x0000000089800000| Untracked |  0
|  79|0x0000000089900000, 0x0000000089900000, 0x0000000089a00000|  0%| F|  |TAMS 0x0000000089900000| PB 0x0000000089900000| Untracked |  0
|  80|0x0000000089a00000, 0x0000000089a00000, 0x0000000089b00000|  0%| F|  |TAMS 0x0000000089a00000| PB 0x0000000089a00000| Untracked |  0
|  81|0x0000000089b00000, 0x0000000089b00000, 0x0000000089c00000|  0%| F|  |TAMS 0x0000000089b00000| PB 0x0000000089b00000| Untracked |  0
|  82|0x0000000089c00000, 0x0000000089c00000, 0x0000000089d00000|  0%| F|  |TAMS 0x0000000089c00000| PB 0x0000000089c00000| Untracked |  0
|  83|0x0000000089d00000, 0x0000000089d00000, 0x0000000089e00000|  0%| F|  |TAMS 0x0000000089d00000| PB 0x0000000089d00000| Untracked |  0
|  84|0x0000000089e00000, 0x0000000089e00000, 0x0000000089f00000|  0%| F|  |TAMS 0x0000000089e00000| PB 0x0000000089e00000| Untracked |  0
|  85|0x0000000089f00000, 0x0000000089f00000, 0x000000008a000000|  0%| F|  |TAMS 0x0000000089f00000| PB 0x0000000089f00000| Untracked |  0
|  86|0x000000008a000000, 0x000000008a000000, 0x000000008a100000|  0%| F|  |TAMS 0x000000008a000000| PB 0x000000008a000000| Untracked |  0
|  87|0x000000008a100000, 0x000000008a100000, 0x000000008a200000|  0%| F|  |TAMS 0x000000008a100000| PB 0x000000008a100000| Untracked |  0
|  88|0x000000008a200000, 0x000000008a25de40, 0x000000008a300000| 36%| S|CS|TAMS 0x000000008a200000| PB 0x000000008a200000| Complete |  0
|  89|0x000000008a300000, 0x000000008a400000, 0x000000008a400000|100%| S|CS|TAMS 0x000000008a300000| PB 0x000000008a300000| Complete |  0
|  90|0x000000008a400000, 0x000000008a500000, 0x000000008a500000|100%| S|CS|TAMS 0x000000008a400000| PB 0x000000008a400000| Complete |  0
|  91|0x000000008a500000, 0x000000008a600000, 0x000000008a600000|100%| S|CS|TAMS 0x000000008a500000| PB 0x000000008a500000| Complete |  0
|  92|0x000000008a600000, 0x000000008a600000, 0x000000008a700000|  0%| F|  |TAMS 0x000000008a600000| PB 0x000000008a600000| Untracked |  0
|  93|0x000000008a700000, 0x000000008a700000, 0x000000008a800000|  0%| F|  |TAMS 0x000000008a700000| PB 0x000000008a700000| Untracked |  0
|  94|0x000000008a800000, 0x000000008a800000, 0x000000008a900000|  0%| F|  |TAMS 0x000000008a800000| PB 0x000000008a800000| Untracked |  0
|  95|0x000000008a900000, 0x000000008a900000, 0x000000008aa00000|  0%| F|  |TAMS 0x000000008a900000| PB 0x000000008a900000| Untracked |  0
|  96|0x000000008aa00000, 0x000000008aa00000, 0x000000008ab00000|  0%| F|  |TAMS 0x000000008aa00000| PB 0x000000008aa00000| Untracked |  0
|  97|0x000000008ab00000, 0x000000008ab00000, 0x000000008ac00000|  0%| F|  |TAMS 0x000000008ab00000| PB 0x000000008ab00000| Untracked |  0
|  98|0x000000008ac00000, 0x000000008ac00000, 0x000000008ad00000|  0%| F|  |TAMS 0x000000008ac00000| PB 0x000000008ac00000| Untracked |  0
|  99|0x000000008ad00000, 0x000000008ad00000, 0x000000008ae00000|  0%| F|  |TAMS 0x000000008ad00000| PB 0x000000008ad00000| Untracked |  0
| 100|0x000000008ae00000, 0x000000008ae00000, 0x000000008af00000|  0%| F|  |TAMS 0x000000008ae00000| PB 0x000000008ae00000| Untracked |  0
| 101|0x000000008af00000, 0x000000008af00000, 0x000000008b000000|  0%| F|  |TAMS 0x000000008af00000| PB 0x000000008af00000| Untracked |  0
| 102|0x000000008b000000, 0x000000008b000000, 0x000000008b100000|  0%| F|  |TAMS 0x000000008b000000| PB 0x000000008b000000| Untracked |  0
| 103|0x000000008b100000, 0x000000008b100000, 0x000000008b200000|  0%| F|  |TAMS 0x000000008b100000| PB 0x000000008b100000| Untracked |  0
| 104|0x000000008b200000, 0x000000008b200000, 0x000000008b300000|  0%| F|  |TAMS 0x000000008b200000| PB 0x000000008b200000| Untracked |  0
| 105|0x000000008b300000, 0x000000008b300000, 0x000000008b400000|  0%| F|  |TAMS 0x000000008b300000| PB 0x000000008b300000| Untracked |  0
| 106|0x000000008b400000, 0x000000008b400000, 0x000000008b500000|  0%| F|  |TAMS 0x000000008b400000| PB 0x000000008b400000| Untracked |  0
| 107|0x000000008b500000, 0x000000008b500000, 0x000000008b600000|  0%| F|  |TAMS 0x000000008b500000| PB 0x000000008b500000| Untracked |  0
| 108|0x000000008b600000, 0x000000008b600000, 0x000000008b700000|  0%| F|  |TAMS 0x000000008b600000| PB 0x000000008b600000| Untracked |  0
| 109|0x000000008b700000, 0x000000008b700000, 0x000000008b800000|  0%| F|  |TAMS 0x000000008b700000| PB 0x000000008b700000| Untracked |  0
| 110|0x000000008b800000, 0x000000008b800000, 0x000000008b900000|  0%| F|  |TAMS 0x000000008b800000| PB 0x000000008b800000| Untracked |  0
| 111|0x000000008b900000, 0x000000008b900000, 0x000000008ba00000|  0%| F|  |TAMS 0x000000008b900000| PB 0x000000008b900000| Untracked |  0
| 112|0x000000008ba00000, 0x000000008ba00000, 0x000000008bb00000|  0%| F|  |TAMS 0x000000008ba00000| PB 0x000000008ba00000| Untracked |  0
| 113|0x000000008bb00000, 0x000000008bb00000, 0x000000008bc00000|  0%| F|  |TAMS 0x000000008bb00000| PB 0x000000008bb00000| Untracked |  0
| 114|0x000000008bc00000, 0x000000008bc00000, 0x000000008bd00000|  0%| F|  |TAMS 0x000000008bc00000| PB 0x000000008bc00000| Untracked |  0
| 115|0x000000008bd00000, 0x000000008bd00000, 0x000000008be00000|  0%| F|  |TAMS 0x000000008bd00000| PB 0x000000008bd00000| Untracked |  0
| 116|0x000000008be00000, 0x000000008be00000, 0x000000008bf00000|  0%| F|  |TAMS 0x000000008be00000| PB 0x000000008be00000| Untracked |  0
| 117|0x000000008bf00000, 0x000000008bf00000, 0x000000008c000000|  0%| F|  |TAMS 0x000000008bf00000| PB 0x000000008bf00000| Untracked |  0
| 118|0x000000008c000000, 0x000000008c000000, 0x000000008c100000|  0%| F|  |TAMS 0x000000008c000000| PB 0x000000008c000000| Untracked |  0
| 119|0x000000008c100000, 0x000000008c1aea60, 0x000000008c200000| 68%| E|  |TAMS 0x000000008c100000| PB 0x000000008c100000| Complete |  0
| 120|0x000000008c200000, 0x000000008c300000, 0x000000008c300000|100%| E|CS|TAMS 0x000000008c200000| PB 0x000000008c200000| Complete |  0
| 121|0x000000008c300000, 0x000000008c400000, 0x000000008c400000|100%| E|CS|TAMS 0x000000008c300000| PB 0x000000008c300000| Complete |  0
| 122|0x000000008c400000, 0x000000008c500000, 0x000000008c500000|100%| E|CS|TAMS 0x000000008c400000| PB 0x000000008c400000| Complete |  0
| 123|0x000000008c500000, 0x000000008c600000, 0x000000008c600000|100%| E|CS|TAMS 0x000000008c500000| PB 0x000000008c500000| Complete |  0

Card table byte_map: [0x0000029f21760000,0x0000029f21b40000] _byte_map_base: 0x0000029f2133b000

Marking Bits: (CMBitMap*) 0x0000029f09c9fb50
 Bits: [0x0000029f21b40000, 0x0000029f23a18000)

Polling page: 0x0000029f09410000

Metaspace:

Usage:
  Non-class:     15.16 MB used.
      Class:      2.15 MB used.
       Both:     17.31 MB used.

Virtual space:
  Non-class space:       64.00 MB reserved,      15.25 MB ( 24%) committed,  1 nodes.
      Class space:        1.00 GB reserved,       2.31 MB ( <1%) committed,  1 nodes.
             Both:        1.06 GB reserved,      17.56 MB (  2%) committed. 

Chunk freelists:
   Non-Class:  15.80 MB
       Class:  13.55 MB
        Both:  29.34 MB

MaxMetaspaceSize: unlimited
CompressedClassSpaceSize: 1.00 GB
Initial GC threshold: 21.00 MB
Current GC threshold: 21.00 MB
CDS: on
 - commit_granule_bytes: 65536.
 - commit_granule_words: 8192.
 - virtual_space_node_default_size: 8388608.
 - enlarge_chunks_in_place: 1.
 - use_allocation_guard: 0.


Internal statistics:

num_allocs_failed_limit: 0.
num_arena_births: 262.
num_arena_deaths: 0.
num_vsnodes_births: 2.
num_vsnodes_deaths: 0.
num_space_committed: 281.
num_space_uncommitted: 0.
num_chunks_returned_to_freelist: 0.
num_chunks_taken_from_freelist: 805.
num_chunk_merges: 0.
num_chunk_splits: 541.
num_chunks_enlarged: 382.
num_inconsistent_stats: 0.

CodeHeap 'non-profiled nmethods': size=120064Kb used=717Kb max_used=717Kb free=119346Kb
 bounds [0x0000029f19e40000, 0x0000029f1a0b0000, 0x0000029f21380000]
CodeHeap 'profiled nmethods': size=120000Kb used=3230Kb max_used=3230Kb free=116769Kb
 bounds [0x0000029f12380000, 0x0000029f126b0000, 0x0000029f198b0000]
CodeHeap 'non-nmethods': size=5696Kb used=1445Kb max_used=1472Kb free=4250Kb
 bounds [0x0000029f198b0000, 0x0000029f19b20000, 0x0000029f19e40000]
CodeCache: size=245760Kb, used=5392Kb, max_used=5419Kb, free=240365Kb
 total_blobs=2891, nmethods=2350, adapters=446, full_count=0
Compilation: enabled, stopped_count=0, restarted_count=0

Compilation events (20 events):
Event: 2.270 Thread 0x0000029f260200f0 nmethod 2314 0x0000029f19ef2188 code [0x0000029f19ef2300, 0x0000029f19ef2a68]
Event: 2.270 Thread 0x0000029f260200f0 2341 %     4       java.util.Properties$LineReader::readLine @ 53 (584 bytes)
Event: 2.273 Thread 0x0000029f6c76c8d0 nmethod 2340 0x0000029f19ef2b08 code [0x0000029f19ef2c20, 0x0000029f19ef3088]
Event: 2.273 Thread 0x0000029f6c76c8d0 2343 %     4       java.util.Properties::loadConvert @ 8 (540 bytes)
Event: 2.274 Thread 0x0000029f26020ba0 2344       3       java.util.jar.JavaUtilJarAccessImpl::getTrustedAttributes (6 bytes)
Event: 2.274 Thread 0x0000029f26020ba0 nmethod 2344 0x0000029f126a3e08 code [0x0000029f126a3f20, 0x0000029f126a4070]
Event: 2.278 Thread 0x0000029f26020ba0 2345 %     3       java.util.Properties::load0 @ 29 (249 bytes)
Event: 2.280 Thread 0x0000029f26020ba0 nmethod 2345% 0x0000029f126a4108 code [0x0000029f126a4300, 0x0000029f126a50a0]
Event: 2.280 Thread 0x0000029f26020ba0 2346       3       java.util.Properties::load0 (249 bytes)
Event: 2.281 Thread 0x0000029f26020ba0 nmethod 2346 0x0000029f126a5108 code [0x0000029f126a52e0, 0x0000029f126a5eb0]
Event: 2.283 Thread 0x0000029f26020ba0 2347       1       java.util.concurrent.ConcurrentHashMap$MapEntry::getKey (5 bytes)
Event: 2.283 Thread 0x0000029f26020ba0 nmethod 2347 0x0000029f19ef3108 code [0x0000029f19ef3220, 0x0000029f19ef32e8]
Event: 2.283 Thread 0x0000029f26020ba0 2349       3       java.util.concurrent.ConcurrentHashMap$EntryIterator::next (5 bytes)
Event: 2.283 Thread 0x0000029f26020ba0 nmethod 2349 0x0000029f126a5f08 code [0x0000029f126a6020, 0x0000029f126a6158]
Event: 2.283 Thread 0x0000029f26020ba0 2350       3       java.util.concurrent.ConcurrentHashMap$MapEntry::<init> (20 bytes)
Event: 2.283 Thread 0x0000029f26020ba0 nmethod 2350 0x0000029f126a6208 code [0x0000029f126a6320, 0x0000029f126a65a0]
Event: 2.283 Thread 0x0000029f26020ba0 2348       1       java.util.concurrent.ConcurrentHashMap$MapEntry::getValue (5 bytes)
Event: 2.283 Thread 0x0000029f26020ba0 nmethod 2348 0x0000029f19ef3408 code [0x0000029f19ef3520, 0x0000029f19ef35e8]
Event: 2.283 Thread 0x0000029f26020ba0 2351       3       java.util.concurrent.ConcurrentHashMap$EntryIterator::next (51 bytes)
Event: 2.284 Thread 0x0000029f26020ba0 nmethod 2351 0x0000029f126a6608 code [0x0000029f126a6760, 0x0000029f126a6c70]

GC Heap History (6 events):
Event: 0.856 GC heap before
{Heap before GC invocations=0 (full 0):
 garbage-first heap   total reserved 2021376K, committed 126976K, used 15360K [0x0000000084a00000, 0x0000000100000000)
  region size 1024K, 14 young (14336K), 0 survivors (0K)
 Metaspace       used 4138K, committed 4288K, reserved 1114112K
  class space    used 460K, committed 512K, reserved 1048576K
}
Event: 0.865 GC heap after
{Heap after GC invocations=1 (full 0):
 garbage-first heap   total reserved 2021376K, committed 126976K, used 6272K [0x0000000084a00000, 0x0000000100000000)
  region size 1024K, 2 young (2048K), 2 survivors (2048K)
 Metaspace       used 4138K, committed 4288K, reserved 1114112K
  class space    used 460K, committed 512K, reserved 1048576K
}
Event: 1.352 GC heap before
{Heap before GC invocations=1 (full 0):
 garbage-first heap   total reserved 2021376K, committed 126976K, used 16512K [0x0000000084a00000, 0x0000000100000000)
  region size 1024K, 13 young (13312K), 2 survivors (2048K)
 Metaspace       used 7316K, committed 7616K, reserved 1114112K
  class space    used 905K, committed 1024K, reserved 1048576K
}
Event: 1.360 GC heap after
{Heap after GC invocations=2 (full 0):
 garbage-first heap   total reserved 2021376K, committed 126976K, used 7338K [0x0000000084a00000, 0x0000000100000000)
  region size 1024K, 1 young (1024K), 1 survivors (1024K)
 Metaspace       used 7316K, committed 7616K, reserved 1114112K
  class space    used 905K, committed 1024K, reserved 1048576K
}
Event: 2.179 GC heap before
{Heap before GC invocations=2 (full 0):
 garbage-first heap   total reserved 2021376K, committed 126976K, used 38058K [0x0000000084a00000, 0x0000000100000000)
  region size 1024K, 32 young (32768K), 1 survivors (1024K)
 Metaspace       used 16814K, committed 17152K, reserved 1114112K
  class space    used 2078K, committed 2240K, reserved 1048576K
}
Event: 2.186 GC heap after
{Heap after GC invocations=3 (full 0):
 garbage-first heap   total reserved 2021376K, committed 126976K, used 9794K [0x0000000084a00000, 0x0000000100000000)
  region size 1024K, 4 young (4096K), 4 survivors (4096K)
 Metaspace       used 16814K, committed 17152K, reserved 1114112K
  class space    used 2078K, committed 2240K, reserved 1048576K
}

Dll operation events (10 events):
Event: 0.018 Loaded shared library C:\Users\Student\.jdks\openjdk-23\bin\java.dll
Event: 0.071 Loaded shared library C:\Users\Student\.jdks\openjdk-23\bin\jsvml.dll
Event: 0.205 Loaded shared library C:\Users\Student\.jdks\openjdk-23\bin\zip.dll
Event: 0.210 Loaded shared library C:\Users\Student\.jdks\openjdk-23\bin\instrument.dll
Event: 0.219 Loaded shared library C:\Users\Student\.jdks\openjdk-23\bin\net.dll
Event: 0.222 Loaded shared library C:\Users\Student\.jdks\openjdk-23\bin\nio.dll
Event: 0.227 Loaded shared library C:\Users\Student\.jdks\openjdk-23\bin\zip.dll
Event: 0.372 Loaded shared library C:\Program Files\JetBrains\IntelliJ IDEA Community Edition 2024.2.1\bin\breakgen64.dll
Event: 0.387 Loaded shared library C:\Users\Student\.jdks\openjdk-23\bin\extnet.dll
Event: 0.442 Loaded shared library C:\Users\Student\.jdks\openjdk-23\bin\jimage.dll

Deoptimization events (20 events):
Event: 2.233 Thread 0x0000029f07a16ef0 Uncommon trap: trap_request=0xffffffde fr.pc=0x0000029f19eafb18 relative=0x00000000000002d8
Event: 2.233 Thread 0x0000029f07a16ef0 Uncommon trap: reason=class_check action=maybe_recompile pc=0x0000029f19eafb18 method=java.util.HashMap.getNode(Ljava/lang/Object;)Ljava/util/HashMap$Node; @ 128 c2
Event: 2.233 Thread 0x0000029f07a16ef0 DEOPT PACKING pc=0x0000029f19eafb18 sp=0x000000a95fafded0
Event: 2.233 Thread 0x0000029f07a16ef0 DEOPT UNPACKING pc=0x0000029f19904402 sp=0x000000a95fafde38 mode 2
Event: 2.233 Thread 0x0000029f07a16ef0 Uncommon trap: trap_request=0xffffff45 fr.pc=0x0000029f19ec6534 relative=0x0000000000000b14
Event: 2.233 Thread 0x0000029f07a16ef0 Uncommon trap: reason=unstable_if action=reinterpret pc=0x0000029f19ec6534 method=java.util.jar.JarFile.getVersionedEntry(Ljava/lang/String;Ljava/util/jar/JarEntry;)Ljava/util/jar/JarEntry; @ 26 c2
Event: 2.233 Thread 0x0000029f07a16ef0 DEOPT PACKING pc=0x0000029f19ec6534 sp=0x000000a95fafe1e0
Event: 2.233 Thread 0x0000029f07a16ef0 DEOPT UNPACKING pc=0x0000029f19904402 sp=0x000000a95fafe1b0 mode 2
Event: 2.239 Thread 0x0000029f07a16ef0 Uncommon trap: trap_request=0xffffffc6 fr.pc=0x0000029f19ee4c38 relative=0x0000000000000818
Event: 2.239 Thread 0x0000029f07a16ef0 Uncommon trap: reason=bimorphic_or_optimized_type_check action=maybe_recompile pc=0x0000029f19ee4c38 method=java.util.HashMap.putVal(ILjava/lang/Object;Ljava/lang/Object;ZZ)Ljava/lang/Object; @ 91 c2
Event: 2.239 Thread 0x0000029f07a16ef0 DEOPT PACKING pc=0x0000029f19ee4c38 sp=0x000000a95fafeaa0
Event: 2.239 Thread 0x0000029f07a16ef0 DEOPT UNPACKING pc=0x0000029f19904402 sp=0x000000a95fafea20 mode 2
Event: 2.239 Thread 0x0000029f07a16ef0 Uncommon trap: trap_request=0xffffffc6 fr.pc=0x0000029f19ee4c38 relative=0x0000000000000818
Event: 2.239 Thread 0x0000029f07a16ef0 Uncommon trap: reason=bimorphic_or_optimized_type_check action=maybe_recompile pc=0x0000029f19ee4c38 method=java.util.HashMap.putVal(ILjava/lang/Object;Ljava/lang/Object;ZZ)Ljava/lang/Object; @ 91 c2
Event: 2.239 Thread 0x0000029f07a16ef0 DEOPT PACKING pc=0x0000029f19ee4c38 sp=0x000000a95fafeb30
Event: 2.239 Thread 0x0000029f07a16ef0 DEOPT UNPACKING pc=0x0000029f19904402 sp=0x000000a95fafeab0 mode 2
Event: 2.244 Thread 0x0000029f26154ee0 Uncommon trap: trap_request=0xffffff45 fr.pc=0x0000029f19ed598c relative=0x000000000000012c
Event: 2.244 Thread 0x0000029f26154ee0 Uncommon trap: reason=unstable_if action=reinterpret pc=0x0000029f19ed598c method=java.util.regex.Pattern$BmpCharPropertyGreedy.match(Ljava/util/regex/Matcher;ILjava/lang/CharSequence;)Z @ 12 c2
Event: 2.244 Thread 0x0000029f26154ee0 DEOPT PACKING pc=0x0000029f19ed598c sp=0x000000a9612fe0e0
Event: 2.244 Thread 0x0000029f26154ee0 DEOPT UNPACKING pc=0x0000029f19904402 sp=0x000000a9612fe078 mode 2

Classes loaded (20 events):
Event: 2.265 Loading class java/util/ResourceBundle$KeyElementReference
Event: 2.265 Loading class java/util/ResourceBundle$CacheKeyReference
Event: 2.265 Loading class java/util/ResourceBundle$CacheKeyReference done
Event: 2.265 Loading class java/util/ResourceBundle$KeyElementReference done
Event: 2.267 Loading class java/util/ResourceBundle$Control$2
Event: 2.267 Loading class java/util/ResourceBundle$Control$2 done
Event: 2.268 Loading class java/util/PropertyResourceBundle
Event: 2.268 Loading class java/util/PropertyResourceBundle done
Event: 2.268 Loading class sun/util/PropertyResourceBundleCharset
Event: 2.269 Loading class sun/util/PropertyResourceBundleCharset done
Event: 2.269 Loading class sun/util/PropertyResourceBundleCharset$PropertiesFileDecoder
Event: 2.269 Loading class sun/util/PropertyResourceBundleCharset$PropertiesFileDecoder done
Event: 2.270 Loading class java/util/ResourceBundle$BundleReference
Event: 2.270 Loading class java/util/ResourceBundle$BundleReference done
Event: 2.277 Loading class javax/management/MBeanRegistration
Event: 2.277 Loading class javax/management/MBeanRegistration done
Event: 2.286 Loading class javax/security/auth/login/LoginException
Event: 2.286 Loading class javax/security/auth/login/LoginException done
Event: 2.286 Loading class java/lang/Thread$ThreadNumbering
Event: 2.286 Loading class java/lang/Thread$ThreadNumbering done

Classes unloaded (0 events):
No events

Classes redefined (0 events):
No events

Internal exceptions (20 events):
Event: 1.411 Thread 0x0000029f07a16ef0 Exception <a 'java/lang/NoSuchMethodError'{0x000000008c42af98}: 'int java.lang.invoke.DirectMethodHandle$Holder.invokeStatic(java.lang.Object, int, java.lang.Object, java.lang.Object)'> (0x000000008c42af98) 
thrown [s\open\src\hotspot\share\interpreter\linkResolver.cpp, line 796]
Event: 1.411 Thread 0x0000029f07a16ef0 Exception <a 'java/lang/NoSuchMethodError'{0x000000008c432160}: 'java.lang.Object java.lang.invoke.DirectMethodHandle$Holder.newInvokeSpecial(java.lang.Object, int, java.lang.Object)'> (0x000000008c432160) 
thrown [s\open\src\hotspot\share\interpreter\linkResolver.cpp, line 796]
Event: 1.412 Thread 0x0000029f07a16ef0 Exception <a 'java/lang/NoSuchMethodError'{0x000000008c436da0}: 'int java.lang.invoke.DirectMethodHandle$Holder.invokeSpecialIFC(java.lang.Object, java.lang.Object, java.lang.Object, java.lang.Object)'> (0x000000008c436da0) 
thrown [s\open\src\hotspot\share\interpreter\linkResolver.cpp, line 796]
Event: 1.445 Thread 0x0000029f07a16ef0 Exception <a 'java/lang/NoSuchMethodError'{0x000000008c4fc3c8}: 'void java.lang.invoke.DirectMethodHandle$Holder.invokeInterface(java.lang.Object, java.lang.Object, java.lang.Object)'> (0x000000008c4fc3c8) 
thrown [s\open\src\hotspot\share\interpreter\linkResolver.cpp, line 796]
Event: 1.478 Thread 0x0000029f07a16ef0 Exception <a 'java/lang/NoSuchMethodError'{0x000000008c3893d8}: 'void java.lang.invoke.DirectMethodHandle$Holder.invokeStaticInit(java.lang.Object, java.lang.Object, java.lang.Object)'> (0x000000008c3893d8) 
thrown [s\open\src\hotspot\share\interpreter\linkResolver.cpp, line 796]
Event: 1.488 Thread 0x0000029f07a16ef0 Exception <a 'java/lang/NoSuchMethodError'{0x000000008c3cfe30}: 'java.lang.Object java.lang.invoke.DirectMethodHandle$Holder.invokeVirtual(java.lang.Object, java.lang.Object, java.lang.Object)'> (0x000000008c3cfe30) 
thrown [s\open\src\hotspot\share\interpreter\linkResolver.cpp, line 796]
Event: 1.496 Thread 0x0000029f07a16ef0 Exception <a 'java/lang/NoSuchMethodError'{0x000000008c3f24a0}: 'java.lang.Object java.lang.invoke.DirectMethodHandle$Holder.invokeStatic(java.lang.Object, long, java.lang.Object)'> (0x000000008c3f24a0) 
thrown [s\open\src\hotspot\share\interpreter\linkResolver.cpp, line 796]
Event: 1.497 Thread 0x0000029f07a16ef0 Exception <a 'java/lang/NoSuchMethodError'{0x000000008c3f5b40}: 'java.lang.Object java.lang.invoke.DirectMethodHandle$Holder.invokeStaticInit(java.lang.Object, long, java.lang.Object)'> (0x000000008c3f5b40) 
thrown [s\open\src\hotspot\share\interpreter\linkResolver.cpp, line 796]
Event: 1.498 Thread 0x0000029f07a16ef0 Exception <a 'java/lang/NoSuchMethodError'{0x000000008c3fb670}: 'java.lang.Object java.lang.invoke.DirectMethodHandle$Holder.newInvokeSpecial(java.lang.Object, long)'> (0x000000008c3fb670) 
thrown [s\open\src\hotspot\share\interpreter\linkResolver.cpp, line 796]
Event: 1.525 Thread 0x0000029f07a16ef0 Exception <a 'java/lang/NoSuchMethodError'{0x000000008c2561f0}: 'void java.lang.invoke.DirectMethodHandle$Holder.invokeVirtual(java.lang.Object, java.lang.Object, java.lang.Object, java.lang.Object)'> (0x000000008c2561f0) 
thrown [s\open\src\hotspot\share\interpreter\linkResolver.cpp, line 796]
Event: 1.604 Thread 0x0000029f26154ee0 Exception <a 'java/lang/NoClassDefFoundError'{0x000000008c006a30}: jakarta/validation/Validation> (0x000000008c006a30) 
thrown [s\open\src\hotspot\share\classfile\systemDictionary.cpp, line 302]
Event: 1.604 Thread 0x0000029f07a16ef0 Exception <a 'java/lang/IncompatibleClassChangeError'{0x000000008c1cc588}: Found class java.lang.Object, but interface was expected> (0x000000008c1cc588) 
thrown [s\open\src\hotspot\share\interpreter\linkResolver.cpp, line 863]
Event: 2.120 Thread 0x0000029f07a16ef0 Exception <a 'java/lang/NoSuchMethodError'{0x000000008a98bc98}: 'int java.lang.invoke.DirectMethodHandle$Holder.invokeSpecial(java.lang.Object, java.lang.Object, java.lang.Object, java.lang.Object, java.lang.Object)'> (0x000000008a98bc98) 
thrown [s\open\src\hotspot\share\interpreter\linkResolver.cpp, line 796]
Event: 2.123 Thread 0x0000029f07a16ef0 Exception <a 'java/lang/NoSuchMethodError'{0x000000008a9944b0}: 'void java.lang.invoke.DirectMethodHandle$Holder.invokeVirtual(java.lang.Object, java.lang.Object)'> (0x000000008a9944b0) 
thrown [s\open\src\hotspot\share\interpreter\linkResolver.cpp, line 796]
Event: 2.220 Thread 0x0000029f26154ee0 Exception <a 'java/lang/NoSuchMethodError'{0x000000008c484568}: 'long java.lang.invoke.DirectMethodHandle$Holder.invokeSpecial(java.lang.Object, java.lang.Object)'> (0x000000008c484568) 
thrown [s\open\src\hotspot\share\interpreter\linkResolver.cpp, line 796]
Event: 2.222 Thread 0x0000029f26154ee0 Exception <a 'java/lang/NoSuchMethodError'{0x000000008c48e1d8}: 'long java.lang.invoke.DirectMethodHandle$Holder.invokeStatic(java.lang.Object, java.lang.Object)'> (0x000000008c48e1d8) 
thrown [s\open\src\hotspot\share\interpreter\linkResolver.cpp, line 796]
Event: 2.223 Thread 0x0000029f26154ee0 Exception <a 'java/lang/NoSuchMethodError'{0x000000008c4912d8}: 'long java.lang.invoke.DirectMethodHandle$Holder.invokeStaticInit(java.lang.Object, java.lang.Object)'> (0x000000008c4912d8) 
thrown [s\open\src\hotspot\share\interpreter\linkResolver.cpp, line 796]
Event: 2.226 Thread 0x0000029f26154ee0 Exception <a 'java/lang/NoSuchMethodError'{0x000000008c309660}: 'long java.lang.invoke.DirectMethodHandle$Holder.invokeInterface(java.lang.Object, java.lang.Object)'> (0x000000008c309660) 
thrown [s\open\src\hotspot\share\interpreter\linkResolver.cpp, line 796]
Event: 2.226 Thread 0x0000029f26154ee0 Exception <a 'java/lang/IncompatibleClassChangeError'{0x000000008c30c688}: Found class java.lang.Object, but interface was expected> (0x000000008c30c688) 
thrown [s\open\src\hotspot\share\interpreter\linkResolver.cpp, line 863]
Event: 2.231 Thread 0x0000029f26154ee0 Exception <a 'java/lang/NoSuchMethodError'{0x000000008c322170}: 'java.lang.Object java.lang.invoke.DirectMethodHandle$Holder.invokeVirtual(java.lang.Object, java.lang.Object, java.lang.Object, java.lang.Object)'> (0x000000008c322170) 
thrown [s\open\src\hotspot\share\interpreter\linkResolver.cpp, line 796]

VM Operations (20 events):
Event: 1.352 Executing VM operation: G1CollectForAllocation (G1 Evacuation Pause)
Event: 1.360 Executing VM operation: G1CollectForAllocation (G1 Evacuation Pause) done
Event: 1.369 Executing VM operation: HandshakeAllThreads (Deoptimize)
Event: 1.369 Executing VM operation: HandshakeAllThreads (Deoptimize) done
Event: 1.580 Executing VM operation: HandshakeAllThreads (Deoptimize)
Event: 1.580 Executing VM operation: HandshakeAllThreads (Deoptimize) done
Event: 1.589 Executing VM operation: HandshakeAllThreads (Deoptimize)
Event: 1.589 Executing VM operation: HandshakeAllThreads (Deoptimize) done
Event: 1.590 Executing VM operation: HandshakeAllThreads (Deoptimize)
Event: 1.590 Executing VM operation: HandshakeAllThreads (Deoptimize) done
Event: 1.611 Executing VM operation: HandshakeAllThreads (Deoptimize)
Event: 1.612 Executing VM operation: HandshakeAllThreads (Deoptimize) done
Event: 1.949 Executing VM operation: HandshakeAllThreads (Deoptimize)
Event: 1.949 Executing VM operation: HandshakeAllThreads (Deoptimize) done
Event: 2.018 Executing VM operation: HandshakeAllThreads (Deoptimize)
Event: 2.018 Executing VM operation: HandshakeAllThreads (Deoptimize) done
Event: 2.092 Executing VM operation: HandshakeAllThreads (Deoptimize)
Event: 2.092 Executing VM operation: HandshakeAllThreads (Deoptimize) done
Event: 2.179 Executing VM operation: G1CollectForAllocation (G1 Evacuation Pause)
Event: 2.186 Executing VM operation: G1CollectForAllocation (G1 Evacuation Pause) done

Memory protections (0 events):
No events

Nmethod flushes (0 events):
No events

Events (17 events):
Event: 0.046 Thread 0x0000029f07a16ef0 Thread added: 0x0000029f07a16ef0
Event: 0.067 Thread 0x0000029f07a16ef0 Thread added: 0x0000029f25fe5e80
Event: 0.067 Thread 0x0000029f07a16ef0 Thread added: 0x0000029f25fe9bc0
Event: 0.067 Thread 0x0000029f07a16ef0 Thread added: 0x0000029f25febef0
Event: 0.068 Thread 0x0000029f07a16ef0 Thread added: 0x0000029f25fec950
Event: 0.068 Thread 0x0000029f07a16ef0 Thread added: 0x0000029f25ff73d0
Event: 0.068 Thread 0x0000029f07a16ef0 Thread added: 0x0000029f2601d350
Event: 0.068 Thread 0x0000029f07a16ef0 Thread added: 0x0000029f260200f0
Event: 0.068 Thread 0x0000029f07a16ef0 Thread added: 0x0000029f26020ba0
Event: 0.165 Thread 0x0000029f07a16ef0 Thread added: 0x0000029f26157cd0
Event: 0.249 Thread 0x0000029f260200f0 Thread added: 0x0000029f2632fad0
Event: 0.373 Thread 0x0000029f07a16ef0 Thread added: 0x0000029f26156290
Event: 0.373 Thread 0x0000029f07a16ef0 Thread added: 0x0000029f26157640
Event: 1.600 Thread 0x0000029f07a16ef0 Thread added: 0x0000029f26154ee0
Event: 2.117 Thread 0x0000029f2632fad0 Thread exited: 0x0000029f2632fad0
Event: 2.252 Thread 0x0000029f260200f0 Thread added: 0x0000029f6c76c8d0
Event: 2.287 Thread 0x0000029f07a16ef0 Thread added: 0x0000029f26155c00


Dynamic libraries:
0x00007ff725ef0000 - 0x00007ff725efe000 	C:\Users\Student\.jdks\openjdk-23\bin\java.exe
0x00007ffc3d3f0000 - 0x00007ffc3d5e8000 	C:\Windows\SYSTEM32\ntdll.dll
0x00007ffc3bd00000 - 0x00007ffc3bdc1000 	C:\Windows\System32\KERNEL32.DLL
0x00007ffc3ac40000 - 0x00007ffc3af3d000 	C:\Windows\System32\KERNELBASE.dll
0x00007ffc3b170000 - 0x00007ffc3b270000 	C:\Windows\System32\ucrtbase.dll
0x00007ffc36f20000 - 0x00007ffc36f37000 	C:\Users\Student\.jdks\openjdk-23\bin\jli.dll
0x00007ffc3c300000 - 0x00007ffc3c49d000 	C:\Windows\System32\USER32.dll
0x00007ffc3af70000 - 0x00007ffc3af92000 	C:\Windows\System32\win32u.dll
0x00007ffc3d200000 - 0x00007ffc3d22b000 	C:\Windows\System32\GDI32.dll
0x00007ffc3afa0000 - 0x00007ffc3b0b7000 	C:\Windows\System32\gdi32full.dll
0x00007ffc3aaa0000 - 0x00007ffc3ab3d000 	C:\Windows\System32\msvcp_win.dll
0x00007ffc350f0000 - 0x00007ffc3510b000 	C:\Users\Student\.jdks\openjdk-23\bin\VCRUNTIME140.dll
0x00007ffc351c0000 - 0x00007ffc3545a000 	C:\Windows\WinSxS\amd64_microsoft.windows.common-controls_6595b64144ccf1df_6.0.19041.4355_none_60b8b9eb71f62e16\COMCTL32.dll
0x00007ffc3cb80000 - 0x00007ffc3cc1e000 	C:\Windows\System32\msvcrt.dll
0x00007ffc3c230000 - 0x00007ffc3c25f000 	C:\Windows\System32\IMM32.DLL
0x00007ffc37bb0000 - 0x00007ffc37bbc000 	C:\Users\Student\.jdks\openjdk-23\bin\vcruntime140_1.dll
0x00007ffc2e980000 - 0x00007ffc2ea0e000 	C:\Users\Student\.jdks\openjdk-23\bin\msvcp140.dll
0x00007ffc03470000 - 0x00007ffc041bf000 	C:\Users\Student\.jdks\openjdk-23\bin\server\jvm.dll
0x00007ffc3bf70000 - 0x00007ffc3c020000 	C:\Windows\System32\ADVAPI32.dll
0x00007ffc3c260000 - 0x00007ffc3c300000 	C:\Windows\System32\sechost.dll
0x00007ffc3bdd0000 - 0x00007ffc3bef3000 	C:\Windows\System32\RPCRT4.dll
0x00007ffc3af40000 - 0x00007ffc3af67000 	C:\Windows\System32\bcrypt.dll
0x00007ffc3cab0000 - 0x00007ffc3cb1b000 	C:\Windows\System32\WS2_32.dll
0x00007ffc2e3a0000 - 0x00007ffc2e3c7000 	C:\Windows\SYSTEM32\WINMM.dll
0x00007ffc2eab0000 - 0x00007ffc2eaba000 	C:\Windows\SYSTEM32\VERSION.dll
0x00007ffc39fe0000 - 0x00007ffc3a02b000 	C:\Windows\SYSTEM32\POWRPROF.dll
0x00007ffc39e90000 - 0x00007ffc39ea2000 	C:\Windows\SYSTEM32\UMPDC.dll
0x00007ffc38920000 - 0x00007ffc38932000 	C:\Windows\SYSTEM32\kernel.appcore.dll
0x00007ffc37b50000 - 0x00007ffc37b5a000 	C:\Users\Student\.jdks\openjdk-23\bin\jimage.dll
0x00007ffc20ec0000 - 0x00007ffc210a4000 	C:\Windows\SYSTEM32\DBGHELP.DLL
0x00007ffc358b0000 - 0x00007ffc358e4000 	C:\Windows\SYSTEM32\dbgcore.DLL
0x00007ffc3abb0000 - 0x00007ffc3ac32000 	C:\Windows\System32\bcryptPrimitives.dll
0x00007ffc350e0000 - 0x00007ffc350ef000 	C:\Users\Student\.jdks\openjdk-23\bin\instrument.dll
0x00007ffc350c0000 - 0x00007ffc350de000 	C:\Users\Student\.jdks\openjdk-23\bin\java.dll
0x00007ffc3cc20000 - 0x00007ffc3cd4b000 	C:\Windows\System32\ole32.dll
0x00007ffc3cd60000 - 0x00007ffc3d0b3000 	C:\Windows\System32\combase.dll
0x00007ffc3b420000 - 0x00007ffc3bb8f000 	C:\Windows\System32\SHELL32.dll
0x00007ffc38b20000 - 0x00007ffc392bf000 	C:\Windows\SYSTEM32\windows.storage.dll
0x00007ffc3a4c0000 - 0x00007ffc3a4ee000 	C:\Windows\SYSTEM32\Wldp.dll
0x00007ffc3d230000 - 0x00007ffc3d2fd000 	C:\Windows\System32\OLEAUT32.dll
0x00007ffc3d300000 - 0x00007ffc3d3ad000 	C:\Windows\System32\SHCORE.dll
0x00007ffc3cb20000 - 0x00007ffc3cb75000 	C:\Windows\System32\shlwapi.dll
0x00007ffc3a9d0000 - 0x00007ffc3a9f4000 	C:\Windows\SYSTEM32\profapi.dll
0x00007ffc2dee0000 - 0x00007ffc2dfb7000 	C:\Users\Student\.jdks\openjdk-23\bin\jsvml.dll
0x00007ffc350a0000 - 0x00007ffc350b7000 	C:\Users\Student\.jdks\openjdk-23\bin\zip.dll
0x00007ffc35080000 - 0x00007ffc35090000 	C:\Users\Student\.jdks\openjdk-23\bin\net.dll
0x00007ffc3a220000 - 0x00007ffc3a28a000 	C:\Windows\system32\mswsock.dll
0x00007ffc34a20000 - 0x00007ffc34a36000 	C:\Users\Student\.jdks\openjdk-23\bin\nio.dll
0x00007ffc34830000 - 0x00007ffc3484a000 	C:\Program Files\JetBrains\IntelliJ IDEA Community Edition 2024.2.1\bin\breakgen64.dll
0x00007ffc35070000 - 0x00007ffc35079000 	C:\Users\Student\.jdks\openjdk-23\bin\extnet.dll

dbghelp: loaded successfully - version: 4.0.5 - missing functions: none
symbol engine: initialized successfully - sym options: 0x614 - pdb path: .;C:\Users\Student\.jdks\openjdk-23\bin;C:\Windows\SYSTEM32;C:\Windows\WinSxS\amd64_microsoft.windows.common-controls_6595b64144ccf1df_6.0.19041.4355_none_60b8b9eb71f62e16;C:\Users\Student\.jdks\openjdk-23\bin\server;C:\Program Files\JetBrains\IntelliJ IDEA Community Edition 2024.2.1\bin

VM Arguments:
jvm_args: -javaagent:C:\Program Files\JetBrains\IntelliJ IDEA Community Edition 2024.2.1\lib\idea_rt.jar=60933:C:\Program Files\JetBrains\IntelliJ IDEA Community Edition 2024.2.1\bin -Dfile.encoding=UTF-8 -Dsun.stdout.encoding=UTF-8 -Dsun.stderr.encoding=UTF-8 
java_command: BookapiApplication.example.Bookapplication.BookapplicationApplication
java_class_path (initial): C:\Users\Student\Downloads\Bookapplication\Bookapplication\Bookapplication\target\classes;C:\Users\Student\.m2\repository\org\springframework\boot\spring-boot-starter-data-jpa\3.3.4\spring-boot-starter-data-jpa-3.3.4.jar;C:\Users\Student\.m2\repository\org\springframework\boot\spring-boot-starter-aop\3.3.4\spring-boot-starter-aop-3.3.4.jar;C:\Users\Student\.m2\repository\org\springframework\spring-aop\6.1.13\spring-aop-6.1.13.jar;C:\Users\Student\.m2\repository\org\aspectj\aspectjweaver\1.9.22.1\aspectjweaver-1.9.22.1.jar;C:\Users\Student\.m2\repository\org\springframework\boot\spring-boot-starter-jdbc\3.3.4\spring-boot-starter-jdbc-3.3.4.jar;C:\Users\Student\.m2\repository\com\zaxxer\HikariCP\5.1.0\HikariCP-5.1.0.jar;C:\Users\Student\.m2\repository\org\springframework\spring-jdbc\6.1.13\spring-jdbc-6.1.13.jar;C:\Users\Student\.m2\repository\org\hibernate\orm\hibernate-core\6.5.3.Final\hibernate-core-6.5.3.Final.jar;C:\Users\Student\.m2\repository\jakarta\persistence\jakarta.persistence-api\3.1.0\jakarta.persistence-api-3.1.0.jar;C:\Users\Student\.m2\repository\jakarta\transaction\jakarta.transaction-api\2.0.1\jakarta.transaction-api-2.0.1.jar;C:\Users\Student\.m2\repository\org\jboss\logging\jboss-logging\3.5.3.Final\jboss-logging-3.5.3.Final.jar;C:\Users\Student\.m2\repository\org\hibernate\common\hibernate-commons-annotations\6.0.6.Final\hibernate-commons-annotations-6.0.6.Final.jar;C:\Users\Student\.m2\repository\io\smallrye\jandex\3.1.2\jandex-3.1.2.jar;C:\Users\Student\.m2\repository\com\fasterxml\classmate\1.7.0\classmate-1.7.0.jar;C:\Users\Student\.m2\repository\net\bytebuddy\byte-buddy\1.14.19\byte-buddy-1.14.19.jar;C:\Users\Student\.m2\repository\org\glassfish\jaxb\jaxb-runtime\4.0.5\jaxb-runtime-4.0.5.jar;C:\Users\Student\.m2\repository\org\glassfish\jaxb\jaxb-core\4.0.5\jaxb-core-4.0.5.jar;C:\Users\Student\.m2\repository\org\eclipse\angus\angus-activation\2.0.2\angus-activation-2.0.2.jar;C:\Users\Student\.m2\repository\org\glassfish\jaxb\txw2\4.0.5\txw2-4.0.5.jar;C:\Users\Student\.m2\repository\com\sun\istack\istack-commons-runtime\4.1.2\istack-commons-runtime-4.1.2.jar;C:\Users\Student\.m2\repository\jakarta\inject\jakarta.inject-api\2.0.1\jakarta.inject-api-2.0.1.jar;C:\Users\Student\.m2\repository\org\antlr\antlr4-runtime\4.13.0\antlr4-runtime-4.13.0.jar;C:\Users\Student\.m2\repository\org\springframework\data\spring-data-jpa\3.3.4\spring-data-jpa-3.3.4.jar;C:\Users\Student\.m2\repository\org\springframework\data\spring-data-commons\3.3.4\spring-data-commons-3.3.4.jar;C:\Users\Student\.m2\repository\org\springframework\spring-orm\6.1.13\spring-orm-6.1.13.jar;C:\Users\Student\.m2\repository\org\springframework\spring-context\6.1.13\spring-context-6.1.13.jar;C:\Users\Student\.m2\repository\org\springframework\spring-tx\6.1.13\spring-tx-6.1.13.jar;C:\Users\Student\.m2\repository\org\springframework\spring-beans\6.1.13\spring-beans-6.1.13.jar;C:\Users\Student\.m2\repository\jakarta\annotation\jakarta.annotation-api\2.1.1\jakarta.annotation-api-2.1.1.jar;C:\Users\Student\.m2\repository\org\slf4j\slf4j-api\2.0.16\slf4j-api-2.0.16.jar;C:\Users\Student\.m2\repository\org\springframework\spring-aspects\6.1.13\spring-aspects-6.1.13.jar;C:\Users\Student\.m2\repository\org\springframework\boot\spring-boot-starter-web\3.3.4\spring-boot-starter-web-3.3.4.jar;C:\Users\Student\.m2\repository\org\springframework\boot\spring-boot-starter\3.3.4\spring-boot-starter-3.3.4.jar;C:\Users\Student\.m2\repository\org\springframework\boot\spring-boot\3.3.4\spring-boot-3.3.4.jar;C:\Users\Student\.m2\repository\org\springframework\boot\spring-boot-autoconfigure\3.3.4\spring-boot-autoconfigure-3.3.4.jar;C:\Users\Student\.m2\repository\org\springframework\boot\spring-boot-starter-logging\3.3.4\spring-boot-starter-logging-3.3.4.jar;C:\Users\Student\.m2\repository\ch\qos\logback\logback-classic\1.5.8\logback-classic-1.5.8.jar;C:\Users\Student\.m2\repository\ch\qos\logback\logback-core\1.5.8\logback-core-1.5.8.jar;C:\Users\Student\.m2\repository\org\apache\logging\log4j\log4j-to-slf4j\2.23.1\log4j-to-slf4j-2.23.1.jar;C:\Users\Student\.m2\repository\org\apache\logging\log4j\log4j-api\2.23.1\log4j-api-2.23.1.jar;C:\Users\Student\.m2\repository\org\slf4j\jul-to-slf4j\2.0.16\jul-to-slf4j-2.0.16.jar;C:\Users\Student\.m2\repository\org\yaml\snakeyaml\2.2\snakeyaml-2.2.jar;C:\Users\Student\.m2\repository\org\springframework\boot\spring-boot-starter-json\3.3.4\spring-boot-starter-json-3.3.4.jar;C:\Users\Student\.m2\repository\com\fasterxml\jackson\core\jackson-databind\2.17.2\jackson-databind-2.17.2.jar;C:\Users\Student\.m2\repository\com\fasterxml\jackson\core\jackson-annotations\2.17.2\jackson-annotations-2.17.2.jar;C:\Users\Student\.m2\repository\com\fasterxml\jackson\core\jackson-core\2.17.2\jackson-core-2.17.2.jar;C:\Users\Student\.m2\repository\com\fasterxml\jackson\datatype\jackson-datatype-jdk8\2.17.2\jackson-datatype-jdk8-2.17.2.jar;C:\Users\Student\.m2\repository\com\fasterxml\jackson\datatype\jackson-datatype-jsr310\2.17.2\jackson-datatype-jsr310-2.17.2.jar;C:\Users\Student\.m2\repository\com\fasterxml\jackson\module\jackson-module-parameter-names\2.17.2\jackson-module-parameter-names-2.17.2.jar;C:\Users\Student\.m2\repository\org\springframework\boot\spring-boot-starter-tomcat\3.3.4\spring-boot-starter-tomcat-3.3.4.jar;C:\Users\Student\.m2\repository\org\apache\tomcat\embed\tomcat-embed-core\10.1.30\tomcat-embed-core-10.1.30.jar;C:\Users\Student\.m2\repository\org\apache\tomcat\embed\tomcat-embed-el\10.1.30\tomcat-embed-el-10.1.30.jar;C:\Users\Student\.m2\repository\org\apache\tomcat\embed\tomcat-embed-websocket\10.1.30\tomcat-embed-websocket-10.1.30.jar;C:\Users\Student\.m2\repository\org\springframework\spring-web\6.1.13\spring-web-6.1.13.jar;C:\Users\Student\.m2\repository\io\micrometer\micrometer-observation\1.13.4\micrometer-observation-1.13.4.jar;C:\Users\Student\.m2\repository\io\micrometer\micrometer-commons\1.13.4\micrometer-commons-1.13.4.jar;C:\Users\Student\.m2\repository\org\springframework\spring-webmvc\6.1.13\spring-webmvc-6.1.13.jar;C:\Users\Student\.m2\repository\org\springframework\spring-expression\6.1.13\spring-expression-6.1.13.jar;C:\Users\Student\.m2\repository\mysql\mysql-connector-java\8.0.28\mysql-connector-java-8.0.28.jar;C:\Users\Student\.m2\repository\com\google\protobuf\protobuf-java\3.11.4\protobuf-java-3.11.4.jar;C:\Users\Student\.m2\repository\com\h2database\h2\2.2.224\h2-2.2.224.jar;C:\Users\Student\.m2\repository\jakarta\xml\bind\jakarta.xml.bind-api\4.0.2\jakarta.xml.bind-api-4.0.2.jar;C:\Users\Student\.m2\repository\jakarta\activation\jakarta.activation-api\2.1.3\jakarta.activation-api-2.1.3.jar;C:\Users\Student\.m2\repository\org\springframework\spring-core\6.1.13\spring-core-6.1.13.jar;C:\Users\Student\.m2\repository\org\springframework\spring-jcl\6.1.13\spring-jcl-6.1.13.jar
Launcher Type: SUN_STANDARD

[Global flags]
     intx CICompilerCount                          = 3                                         {product} {ergonomic}
     uint ConcGCThreads                            = 1                                         {product} {ergonomic}
     uint G1ConcRefinementThreads                  = 4                                         {product} {ergonomic}
   size_t G1HeapRegionSize                         = 1048576                                   {product} {ergonomic}
   size_t InitialHeapSize                          = 130023424                                 {product} {ergonomic}
   size_t MarkStackSize                            = 4194304                                   {product} {ergonomic}
   size_t MarkStackSizeMax                         = 536870912                                 {product} {ergonomic}
   size_t MaxHeapSize                              = 2069889024                                {product} {ergonomic}
   size_t MaxNewSize                               = 1241513984                                {product} {ergonomic}
   size_t MinHeapDeltaBytes                        = 1048576                                   {product} {ergonomic}
   size_t MinHeapSize                              = 8388608                                   {product} {ergonomic}
    uintx NonNMethodCodeHeapSize                   = 5832704                                {pd product} {ergonomic}
    uintx NonProfiledCodeHeapSize                  = 122945536                              {pd product} {ergonomic}
    uintx ProfiledCodeHeapSize                     = 122880000                              {pd product} {ergonomic}
    uintx ReservedCodeCacheSize                    = 251658240                              {pd product} {ergonomic}
     bool SegmentedCodeCache                       = true                                      {product} {ergonomic}
   size_t SoftMaxHeapSize                          = 2069889024                             {manageable} {ergonomic}
     bool UseCompressedOops                        = true                           {product lp64_product} {ergonomic}
     bool UseG1GC                                  = true                                      {product} {ergonomic}
     bool UseLargePagesIndividualAllocation        = false                                  {pd product} {ergonomic}

Logging:
Log output configuration:
 #0: stdout all=warning uptime,level,tags foldmultilines=false
 #1: stderr all=off uptime,level,tags foldmultilines=false

Environment Variables:
PATH=E:\app\IBM\product\12.1.0\dbhome_1\bin;C:\Windows\system32;C:\Windows;C:\Windows\System32\Wbem;C:\Windows\System32\WindowsPowerShell\v1.0\;C:\Windows\System32\OpenSSH\;C:\Program Files\Git\cmd;C:\Program Files\Microsoft SQL Server\Client SDK\ODBC\170\Tools\Binn\;C:\Program Files (x86)\Microsoft SQL Server\150\Tools\Binn\;C:\Program Files\Microsoft SQL Server\150\Tools\Binn\;C:\Program Files\Microsoft SQL Server\150\DTS\Binn\;C:\Program Files\dotnet\;C:\Program Files\Microsoft SQL Server\130\Tools\Binn\;C:\Program Files (x86)\Microsoft SQL Server\160\DTS\Binn\;C:\Program Files\Azure Data Studio\bin;C:\Users\Student\AppData\Local\Microsoft\WindowsApps;C:\Users\Student\AppData\Local\Programs\Microsoft VS Code\bin
USERNAME=Student
OS=Windows_NT
PROCESSOR_IDENTIFIER=Intel64 Family 6 Model 69 Stepping 1, GenuineIntel
TMP=C:\Users\Student\AppData\Local\Temp
TEMP=C:\Users\Student\AppData\Local\Temp




Periodic native trim disabled

---------------  S Y S T E M  ---------------

OS:
 Windows 10 , 64 bit Build 19041 (10.0.19041.4717)
OS uptime: 19 days 21:30 hours

CPU: total 4 (initial active 4) (2 cores per cpu, 2 threads per core) family 6 model 69 stepping 1 microcode 0x25, cx8, cmov, fxsr, ht, mmx, sse, sse2, sse3, ssse3, sse4.1, sse4.2, popcnt, lzcnt, tsc, tscinvbit, avx, avx2, aes, erms, clmul, bmi1, bmi2, fma, vzeroupper, clflush, rdtscp, f16c
Processor Information for the first 4 processors :
  Max Mhz: 2494, Current Mhz: 1895, Mhz Limit: 1895

Memory: 4k page, system-wide physical 7894M (1091M free)
TotalPageFile size 10894M (AvailPageFile size 1M)
current process WorkingSet (physical memory assigned to process): 119M, peak: 119M
current process commit charge ("private bytes"): 235M, peak: 235M

vm_info: OpenJDK 64-Bit Server VM (23+37-2369) for windows-amd64 JRE (23+37-2369), built on 2024-08-20T16:01:23Z with MS VC++ 17.6 (VS2022)

END.
